[2020-06-23 13:18:13:2656][main] INFO  o.s.c.s.PostProcessorRegistrationDelegate$BeanPostProcessorChecker - Bean 'org.springframework.cloud.autoconfigure.ConfigurationPropertiesRebinderAutoConfiguration' of type [org.springframework.cloud.autoconfigure.ConfigurationPropertiesRebinderAutoConfiguration$$EnhancerBySpringCGLIB$$96c93a59] is not eligible for getting processed by all BeanPostProcessors (for example: not eligible for auto-proxying)
[2020-06-23 13:18:14:3979][main] ERROR o.s.boot.SpringApplication - Application run failed
java.lang.IllegalStateException: Failed to load property source from location 'classpath:/application.yml'
	at org.springframework.boot.context.config.ConfigFileApplicationListener$Loader.load(ConfigFileApplicationListener.java:545)
	at org.springframework.boot.context.config.ConfigFileApplicationListener$Loader.loadForFileExtension(ConfigFileApplicationListener.java:494)
	at org.springframework.boot.context.config.ConfigFileApplicationListener$Loader.load(ConfigFileApplicationListener.java:464)
	at org.springframework.boot.context.config.ConfigFileApplicationListener$Loader.lambda$null$7(ConfigFileApplicationListener.java:443)
	at java.lang.Iterable.forEach(Iterable.java:75)
	at org.springframework.boot.context.config.ConfigFileApplicationListener$Loader.lambda$load$8(ConfigFileApplicationListener.java:443)
	at java.lang.Iterable.forEach(Iterable.java:75)
	at org.springframework.boot.context.config.ConfigFileApplicationListener$Loader.load(ConfigFileApplicationListener.java:440)
	at org.springframework.boot.context.config.ConfigFileApplicationListener$Loader.lambda$load$0(ConfigFileApplicationListener.java:335)
	at org.springframework.boot.context.config.FilteredPropertySource.apply(FilteredPropertySource.java:54)
	at org.springframework.boot.context.config.ConfigFileApplicationListener$Loader.load(ConfigFileApplicationListener.java:323)
	at org.springframework.boot.context.config.ConfigFileApplicationListener.addPropertySources(ConfigFileApplicationListener.java:214)
	at org.springframework.boot.context.config.ConfigFileApplicationListener.postProcessEnvironment(ConfigFileApplicationListener.java:198)
	at org.springframework.boot.context.config.ConfigFileApplicationListener.onApplicationEnvironmentPreparedEvent(ConfigFileApplicationListener.java:188)
	at org.springframework.boot.context.config.ConfigFileApplicationListener.onApplicationEvent(ConfigFileApplicationListener.java:176)
	at org.springframework.context.event.SimpleApplicationEventMulticaster.doInvokeListener(SimpleApplicationEventMulticaster.java:172)
	at org.springframework.context.event.SimpleApplicationEventMulticaster.invokeListener(SimpleApplicationEventMulticaster.java:165)
	at org.springframework.context.event.SimpleApplicationEventMulticaster.multicastEvent(SimpleApplicationEventMulticaster.java:139)
	at org.springframework.context.event.SimpleApplicationEventMulticaster.multicastEvent(SimpleApplicationEventMulticaster.java:127)
	at org.springframework.boot.context.event.EventPublishingRunListener.environmentPrepared(EventPublishingRunListener.java:76)
	at org.springframework.boot.SpringApplicationRunListeners.environmentPrepared(SpringApplicationRunListeners.java:53)
	at org.springframework.boot.SpringApplication.prepareEnvironment(SpringApplication.java:345)
	at org.springframework.boot.SpringApplication.run(SpringApplication.java:308)
	at org.springframework.boot.SpringApplication.run(SpringApplication.java:1226)
	at org.springframework.boot.SpringApplication.run(SpringApplication.java:1215)
	at com.ibiz.api.ApiApplication.main(ApiApplication.java:10)
Caused by: org.yaml.snakeyaml.scanner.ScannerException: while scanning a simple key
 in 'reader', line 84, column 3:
      --- #dev 환경 end
      ^
could not find expected ':'
 in 'reader', line 86, column 1:
    --- #staging 환경 start
    ^

	at org.yaml.snakeyaml.scanner.ScannerImpl.stalePossibleSimpleKeys(ScannerImpl.java:464)
	at org.yaml.snakeyaml.scanner.ScannerImpl.fetchMoreTokens(ScannerImpl.java:289)
	at org.yaml.snakeyaml.scanner.ScannerImpl.checkToken(ScannerImpl.java:227)
	at org.yaml.snakeyaml.parser.ParserImpl$ParseBlockMappingKey.produce(ParserImpl.java:558)
	at org.yaml.snakeyaml.parser.ParserImpl.peekEvent(ParserImpl.java:158)
	at org.yaml.snakeyaml.parser.ParserImpl.checkEvent(ParserImpl.java:148)
	at org.yaml.snakeyaml.composer.Composer.composeMappingNode(Composer.java:217)
	at org.yaml.snakeyaml.composer.Composer.composeNode(Composer.java:144)
	at org.yaml.snakeyaml.composer.Composer.composeValueNode(Composer.java:239)
	at org.yaml.snakeyaml.composer.Composer.composeMappingChildren(Composer.java:230)
	at org.yaml.snakeyaml.composer.Composer.composeMappingNode(Composer.java:218)
	at org.yaml.snakeyaml.composer.Composer.composeNode(Composer.java:144)
	at org.yaml.snakeyaml.composer.Composer.getNode(Composer.java:85)
	at org.yaml.snakeyaml.constructor.BaseConstructor.getData(BaseConstructor.java:125)
	at org.yaml.snakeyaml.Yaml$1.next(Yaml.java:548)
	at org.springframework.beans.factory.config.YamlProcessor.process(YamlProcessor.java:160)
	at org.springframework.beans.factory.config.YamlProcessor.process(YamlProcessor.java:134)
	at org.springframework.boot.env.OriginTrackedYamlLoader.load(OriginTrackedYamlLoader.java:75)
	at org.springframework.boot.env.YamlPropertySourceLoader.load(YamlPropertySourceLoader.java:50)
	at org.springframework.boot.context.config.ConfigFileApplicationListener$Loader.loadDocuments(ConfigFileApplicationListener.java:562)
	at org.springframework.boot.context.config.ConfigFileApplicationListener$Loader.load(ConfigFileApplicationListener.java:518)
	... 25 common frames omitted
[2020-06-23 13:29:01:2917][main] INFO  o.s.c.s.PostProcessorRegistrationDelegate$BeanPostProcessorChecker - Bean 'org.springframework.cloud.autoconfigure.ConfigurationPropertiesRebinderAutoConfiguration' of type [org.springframework.cloud.autoconfigure.ConfigurationPropertiesRebinderAutoConfiguration$$EnhancerBySpringCGLIB$$40534468] is not eligible for getting processed by all BeanPostProcessors (for example: not eligible for auto-proxying)
[2020-06-23 13:29:03:4515][main] INFO  com.ibiz.api.ApiApplication - The following profiles are active: local
[2020-06-23 13:29:04:5792][main] INFO  o.s.d.r.c.RepositoryConfigurationDelegate - Multiple Spring Data modules found, entering strict repository configuration mode!
[2020-06-23 13:29:04:5797][main] INFO  o.s.d.r.c.RepositoryConfigurationDelegate - Bootstrapping Spring Data repositories in DEFAULT mode.
[2020-06-23 13:29:04:5905][main] INFO  o.s.d.r.c.RepositoryConfigurationDelegate - Finished Spring Data repository scanning in 88ms. Found 0 repository interfaces.
[2020-06-23 13:29:04:6116][main] WARN  o.s.b.actuate.endpoint.EndpointId - Endpoint ID 'service-registry' contains invalid characters, please migrate to a valid format.
[2020-06-23 13:29:04:6298][main] WARN  o.m.s.mapper.ClassPathMapperScanner - No MyBatis mapper was found in '[com.ibiz.api]' package. Please check your configuration.
[2020-06-23 13:29:05:6395][main] INFO  o.s.c.context.scope.GenericScope - BeanFactory id=4ac44935-31a7-3188-be0f-38e6327c51d9
[2020-06-23 13:29:05:6827][main] INFO  o.s.c.s.PostProcessorRegistrationDelegate$BeanPostProcessorChecker - Bean 'org.springframework.ws.config.annotation.DelegatingWsConfiguration' of type [org.springframework.ws.config.annotation.DelegatingWsConfiguration$$EnhancerBySpringCGLIB$$c8d1066a] is not eligible for getting processed by all BeanPostProcessors (for example: not eligible for auto-proxying)
[2020-06-23 13:29:05:6862][main] INFO  o.s.w.s.a.s.AnnotationActionEndpointMapping - Supporting [WS-Addressing August 2004, WS-Addressing 1.0]
[2020-06-23 13:29:05:6880][main] INFO  o.s.c.s.PostProcessorRegistrationDelegate$BeanPostProcessorChecker - Bean 'org.springframework.transaction.annotation.ProxyTransactionManagementConfiguration' of type [org.springframework.transaction.annotation.ProxyTransactionManagementConfiguration] is not eligible for getting processed by all BeanPostProcessors (for example: not eligible for auto-proxying)
[2020-06-23 13:29:05:7088][main] INFO  o.s.c.s.PostProcessorRegistrationDelegate$BeanPostProcessorChecker - Bean 'org.springframework.cloud.autoconfigure.ConfigurationPropertiesRebinderAutoConfiguration' of type [org.springframework.cloud.autoconfigure.ConfigurationPropertiesRebinderAutoConfiguration$$EnhancerBySpringCGLIB$$40534468] is not eligible for getting processed by all BeanPostProcessors (for example: not eligible for auto-proxying)
[2020-06-23 13:29:06:8268][main] INFO  o.s.b.w.e.tomcat.TomcatWebServer - Tomcat initialized with port(s): 7300 (http)
[2020-06-23 13:29:06:8282][main] INFO  o.a.coyote.http11.Http11NioProtocol - Initializing ProtocolHandler ["http-nio-7300"]
[2020-06-23 13:29:06:8282][main] INFO  o.a.catalina.core.StandardService - Starting service [Tomcat]
[2020-06-23 13:29:06:8282][main] INFO  o.a.catalina.core.StandardEngine - Starting Servlet engine: [Apache Tomcat/9.0.27]
[2020-06-23 13:29:07:8520][main] INFO  o.a.c.c.C.[Tomcat].[localhost].[/] - Initializing Spring embedded WebApplicationContext
[2020-06-23 13:29:07:8521][main] INFO  o.s.web.context.ContextLoader - Root WebApplicationContext: initialization completed in 3988 ms
[2020-06-23 13:29:07:8521][main] INFO  o.s.web.context.ContextLoader - Root WebApplicationContext: initialization completed in 3988 ms
[2020-06-23 13:29:07:8689][main] WARN  c.n.c.s.URLConfigurationSource - No URLs will be polled as dynamic configuration sources.
[2020-06-23 13:29:07:8689][main] INFO  c.n.c.s.URLConfigurationSource - To enable URLs as dynamic configuration sources, define System property archaius.configurationSource.additionalUrls or make config.properties available on classpath.
[2020-06-23 13:29:07:8729][main] INFO  c.n.config.DynamicPropertyFactory - DynamicPropertyFactory is initialized with configuration sources: com.netflix.config.ConcurrentCompositeConfiguration@3070f3e6
[2020-06-23 13:29:10:11927][main] WARN  c.n.c.s.URLConfigurationSource - No URLs will be polled as dynamic configuration sources.
[2020-06-23 13:29:10:11928][main] INFO  c.n.c.s.URLConfigurationSource - To enable URLs as dynamic configuration sources, define System property archaius.configurationSource.additionalUrls or make config.properties available on classpath.
[2020-06-23 13:29:12:13695][main] WARN  o.s.c.l.c.BlockingLoadBalancerClientAutoConfiguration$BlockingLoadBalancerClientRibbonWarnLogger - You already have RibbonLoadBalancerClient on your classpath. It will be used by default. As Spring Cloud Ribbon is in maintenance mode. We recommend switching to BlockingLoadBalancerClient instead. In order to use it, set the value of `spring.cloud.loadbalancer.ribbon.enabled` to `false` or remove spring-cloud-starter-netflix-ribbon from your project.
[2020-06-23 13:29:12:13766][main] INFO  o.s.b.a.e.web.EndpointLinksResolver - Exposing 18 endpoint(s) beneath base path '/actuator'
[2020-06-23 13:29:12:13815][main] INFO  o.s.c.n.eureka.InstanceInfoFactory - Setting initial instance status as: STARTING
[2020-06-23 13:29:12:14031][main] INFO  c.netflix.discovery.DiscoveryClient - Initializing Eureka in region us-east-1
[2020-06-23 13:29:13:15092][main] INFO  c.n.d.p.DiscoveryJerseyProvider - Using JSON encoding codec LegacyJacksonJson
[2020-06-23 13:29:13:15093][main] INFO  c.n.d.p.DiscoveryJerseyProvider - Using JSON decoding codec LegacyJacksonJson
[2020-06-23 13:29:13:15319][main] INFO  c.n.d.p.DiscoveryJerseyProvider - Using XML encoding codec XStreamXml
[2020-06-23 13:29:13:15320][main] INFO  c.n.d.p.DiscoveryJerseyProvider - Using XML decoding codec XStreamXml
[2020-06-23 13:29:14:15597][main] INFO  c.n.d.s.r.aws.ConfigClusterResolver - Resolving eureka endpoints via configuration
[2020-06-23 13:29:15:16421][main] INFO  c.netflix.discovery.DiscoveryClient - Disable delta property : false
[2020-06-23 13:29:15:16421][main] INFO  c.netflix.discovery.DiscoveryClient - Single vip registry refresh property : null
[2020-06-23 13:29:15:16421][main] INFO  c.netflix.discovery.DiscoveryClient - Force full registry fetch : false
[2020-06-23 13:29:15:16421][main] INFO  c.netflix.discovery.DiscoveryClient - Application is null : false
[2020-06-23 13:29:15:16422][main] INFO  c.netflix.discovery.DiscoveryClient - Registered Applications size is zero : true
[2020-06-23 13:29:15:16422][main] INFO  c.netflix.discovery.DiscoveryClient - Application version is -1: true
[2020-06-23 13:29:15:16422][main] INFO  c.netflix.discovery.DiscoveryClient - Getting all instance registry info from the eureka server
[2020-06-23 13:29:15:16676][main] INFO  c.netflix.discovery.DiscoveryClient - The response status is 200
[2020-06-23 13:29:15:16679][main] INFO  c.netflix.discovery.DiscoveryClient - Starting heartbeat executor: renew interval is: 30
[2020-06-23 13:29:15:16682][main] INFO  c.n.d.InstanceInfoReplicator - InstanceInfoReplicator onDemand update allowed rate per min is 4
[2020-06-23 13:29:15:16688][main] INFO  c.netflix.discovery.DiscoveryClient - Discovery Client initialized at timestamp 1592886555310 with initial instances count: 6
[2020-06-23 13:29:15:16691][main] INFO  o.s.c.n.e.s.EurekaServiceRegistry - Registering application IBIZ-SALES-ORDER with eureka with status UP
[2020-06-23 13:29:15:16693][main] INFO  c.netflix.discovery.DiscoveryClient - Saw local status change event StatusChangeEvent [timestamp=1592886555316, current=UP, previous=STARTING]
[2020-06-23 13:29:15:16696][DiscoveryClient-InstanceInfoReplicator-0] INFO  c.netflix.discovery.DiscoveryClient - DiscoveryClient_IBIZ-SALES-ORDER/sales-order-7300: registering service...
[2020-06-23 13:29:15:16720][main] INFO  o.a.coyote.http11.Http11NioProtocol - Starting ProtocolHandler ["http-nio-7300"]
[2020-06-23 13:29:15:16752][DiscoveryClient-InstanceInfoReplicator-0] INFO  c.netflix.discovery.DiscoveryClient - DiscoveryClient_IBIZ-SALES-ORDER/sales-order-7300 - registration status: 204
[2020-06-23 13:29:15:16763][main] INFO  o.s.b.w.e.tomcat.TomcatWebServer - Tomcat started on port(s): 7300 (http) with context path ''
[2020-06-23 13:29:15:16764][main] INFO  o.s.c.n.e.s.EurekaAutoServiceRegistration - Updating port to 7300
[2020-06-23 13:29:16:17962][main] INFO  com.ibiz.api.ApiApplication - Started ApiApplication in 17.576 seconds (JVM running for 18.683)
[2020-06-23 13:34:15:316425][AsyncResolver-bootstrap-executor-0] INFO  c.n.d.s.r.aws.ConfigClusterResolver - Resolving eureka endpoints via configuration
[2020-06-23 13:39:15:616428][AsyncResolver-bootstrap-executor-0] INFO  c.n.d.s.r.aws.ConfigClusterResolver - Resolving eureka endpoints via configuration
[2020-06-23 13:44:15:916430][AsyncResolver-bootstrap-executor-0] INFO  c.n.d.s.r.aws.ConfigClusterResolver - Resolving eureka endpoints via configuration
[2020-06-23 13:47:27:2642][main] INFO  o.s.c.s.PostProcessorRegistrationDelegate$BeanPostProcessorChecker - Bean 'org.springframework.cloud.autoconfigure.ConfigurationPropertiesRebinderAutoConfiguration' of type [org.springframework.cloud.autoconfigure.ConfigurationPropertiesRebinderAutoConfiguration$$EnhancerBySpringCGLIB$$2e0678b7] is not eligible for getting processed by all BeanPostProcessors (for example: not eligible for auto-proxying)
[2020-06-23 13:47:28:4212][main] INFO  com.ibiz.api.ApiApplication - The following profiles are active: local
[2020-06-23 13:47:30:5552][main] INFO  o.s.d.r.c.RepositoryConfigurationDelegate - Multiple Spring Data modules found, entering strict repository configuration mode!
[2020-06-23 13:47:30:5556][main] INFO  o.s.d.r.c.RepositoryConfigurationDelegate - Bootstrapping Spring Data repositories in DEFAULT mode.
[2020-06-23 13:47:30:5668][main] INFO  o.s.d.r.c.RepositoryConfigurationDelegate - Finished Spring Data repository scanning in 91ms. Found 0 repository interfaces.
[2020-06-23 13:47:30:5860][main] WARN  o.s.b.actuate.endpoint.EndpointId - Endpoint ID 'service-registry' contains invalid characters, please migrate to a valid format.
[2020-06-23 13:47:30:6058][main] WARN  o.m.s.mapper.ClassPathMapperScanner - No MyBatis mapper was found in '[com.ibiz.api]' package. Please check your configuration.
[2020-06-23 13:47:30:6146][main] INFO  o.s.c.context.scope.GenericScope - BeanFactory id=4ac44935-31a7-3188-be0f-38e6327c51d9
[2020-06-23 13:47:31:6570][main] INFO  o.s.c.s.PostProcessorRegistrationDelegate$BeanPostProcessorChecker - Bean 'org.springframework.ws.config.annotation.DelegatingWsConfiguration' of type [org.springframework.ws.config.annotation.DelegatingWsConfiguration$$EnhancerBySpringCGLIB$$b6843ab9] is not eligible for getting processed by all BeanPostProcessors (for example: not eligible for auto-proxying)
[2020-06-23 13:47:31:6606][main] INFO  o.s.w.s.a.s.AnnotationActionEndpointMapping - Supporting [WS-Addressing August 2004, WS-Addressing 1.0]
[2020-06-23 13:47:31:6628][main] INFO  o.s.c.s.PostProcessorRegistrationDelegate$BeanPostProcessorChecker - Bean 'org.springframework.transaction.annotation.ProxyTransactionManagementConfiguration' of type [org.springframework.transaction.annotation.ProxyTransactionManagementConfiguration] is not eligible for getting processed by all BeanPostProcessors (for example: not eligible for auto-proxying)
[2020-06-23 13:47:31:6852][main] INFO  o.s.c.s.PostProcessorRegistrationDelegate$BeanPostProcessorChecker - Bean 'org.springframework.cloud.autoconfigure.ConfigurationPropertiesRebinderAutoConfiguration' of type [org.springframework.cloud.autoconfigure.ConfigurationPropertiesRebinderAutoConfiguration$$EnhancerBySpringCGLIB$$2e0678b7] is not eligible for getting processed by all BeanPostProcessors (for example: not eligible for auto-proxying)
[2020-06-23 13:47:32:8033][main] INFO  o.s.b.w.e.tomcat.TomcatWebServer - Tomcat initialized with port(s): 7300 (http)
[2020-06-23 13:47:32:8048][main] INFO  o.a.coyote.http11.Http11NioProtocol - Initializing ProtocolHandler ["http-nio-7300"]
[2020-06-23 13:47:32:8049][main] INFO  o.a.catalina.core.StandardService - Starting service [Tomcat]
[2020-06-23 13:47:32:8049][main] INFO  o.a.catalina.core.StandardEngine - Starting Servlet engine: [Apache Tomcat/9.0.27]
[2020-06-23 13:47:32:8254][main] INFO  o.a.c.c.C.[Tomcat].[localhost].[/] - Initializing Spring embedded WebApplicationContext
[2020-06-23 13:47:32:8255][main] INFO  o.s.web.context.ContextLoader - Root WebApplicationContext: initialization completed in 4027 ms
[2020-06-23 13:47:32:8255][main] INFO  o.s.web.context.ContextLoader - Root WebApplicationContext: initialization completed in 4027 ms
[2020-06-23 13:47:32:8397][main] WARN  c.n.c.s.URLConfigurationSource - No URLs will be polled as dynamic configuration sources.
[2020-06-23 13:47:32:8397][main] INFO  c.n.c.s.URLConfigurationSource - To enable URLs as dynamic configuration sources, define System property archaius.configurationSource.additionalUrls or make config.properties available on classpath.
[2020-06-23 13:47:32:8425][main] INFO  c.n.config.DynamicPropertyFactory - DynamicPropertyFactory is initialized with configuration sources: com.netflix.config.ConcurrentCompositeConfiguration@365cef67
[2020-06-23 13:47:36:11623][main] WARN  c.n.c.s.URLConfigurationSource - No URLs will be polled as dynamic configuration sources.
[2020-06-23 13:47:36:11624][main] INFO  c.n.c.s.URLConfigurationSource - To enable URLs as dynamic configuration sources, define System property archaius.configurationSource.additionalUrls or make config.properties available on classpath.
[2020-06-23 13:47:38:13448][main] WARN  o.s.c.l.c.BlockingLoadBalancerClientAutoConfiguration$BlockingLoadBalancerClientRibbonWarnLogger - You already have RibbonLoadBalancerClient on your classpath. It will be used by default. As Spring Cloud Ribbon is in maintenance mode. We recommend switching to BlockingLoadBalancerClient instead. In order to use it, set the value of `spring.cloud.loadbalancer.ribbon.enabled` to `false` or remove spring-cloud-starter-netflix-ribbon from your project.
[2020-06-23 13:47:38:13517][main] INFO  o.s.b.a.e.web.EndpointLinksResolver - Exposing 18 endpoint(s) beneath base path '/actuator'
[2020-06-23 13:47:38:13571][main] INFO  o.s.c.n.eureka.InstanceInfoFactory - Setting initial instance status as: STARTING
[2020-06-23 13:47:38:13795][main] INFO  c.netflix.discovery.DiscoveryClient - Initializing Eureka in region us-east-1
[2020-06-23 13:47:39:14855][main] INFO  c.n.d.p.DiscoveryJerseyProvider - Using JSON encoding codec LegacyJacksonJson
[2020-06-23 13:47:39:14855][main] INFO  c.n.d.p.DiscoveryJerseyProvider - Using JSON decoding codec LegacyJacksonJson
[2020-06-23 13:47:39:15052][main] INFO  c.n.d.p.DiscoveryJerseyProvider - Using XML encoding codec XStreamXml
[2020-06-23 13:47:39:15053][main] INFO  c.n.d.p.DiscoveryJerseyProvider - Using XML decoding codec XStreamXml
[2020-06-23 13:47:39:15364][main] INFO  c.n.d.s.r.aws.ConfigClusterResolver - Resolving eureka endpoints via configuration
[2020-06-23 13:47:40:16170][main] INFO  c.netflix.discovery.DiscoveryClient - Disable delta property : false
[2020-06-23 13:47:40:16170][main] INFO  c.netflix.discovery.DiscoveryClient - Single vip registry refresh property : null
[2020-06-23 13:47:40:16170][main] INFO  c.netflix.discovery.DiscoveryClient - Force full registry fetch : false
[2020-06-23 13:47:40:16170][main] INFO  c.netflix.discovery.DiscoveryClient - Application is null : false
[2020-06-23 13:47:40:16171][main] INFO  c.netflix.discovery.DiscoveryClient - Registered Applications size is zero : true
[2020-06-23 13:47:40:16171][main] INFO  c.netflix.discovery.DiscoveryClient - Application version is -1: true
[2020-06-23 13:47:40:16171][main] INFO  c.netflix.discovery.DiscoveryClient - Getting all instance registry info from the eureka server
[2020-06-23 13:47:40:16437][main] INFO  c.netflix.discovery.DiscoveryClient - The response status is 200
[2020-06-23 13:47:41:16443][main] INFO  c.netflix.discovery.DiscoveryClient - Starting heartbeat executor: renew interval is: 30
[2020-06-23 13:47:41:16447][main] INFO  c.n.d.InstanceInfoReplicator - InstanceInfoReplicator onDemand update allowed rate per min is 4
[2020-06-23 13:47:41:16452][main] INFO  c.netflix.discovery.DiscoveryClient - Discovery Client initialized at timestamp 1592887661008 with initial instances count: 7
[2020-06-23 13:47:41:16456][main] INFO  o.s.c.n.e.s.EurekaServiceRegistry - Registering application IBIZ-SALES-ORDER with eureka with status UP
[2020-06-23 13:47:41:16457][main] INFO  c.netflix.discovery.DiscoveryClient - Saw local status change event StatusChangeEvent [timestamp=1592887661014, current=UP, previous=STARTING]
[2020-06-23 13:47:41:16461][DiscoveryClient-InstanceInfoReplicator-0] INFO  c.netflix.discovery.DiscoveryClient - DiscoveryClient_IBIZ-SALES-ORDER/sales-order-7300: registering service...
[2020-06-23 13:47:41:16480][main] INFO  o.a.coyote.http11.Http11NioProtocol - Starting ProtocolHandler ["http-nio-7300"]
[2020-06-23 13:47:41:16514][DiscoveryClient-InstanceInfoReplicator-0] INFO  c.netflix.discovery.DiscoveryClient - DiscoveryClient_IBIZ-SALES-ORDER/sales-order-7300 - registration status: 204
[2020-06-23 13:47:41:16519][main] INFO  o.s.b.w.e.tomcat.TomcatWebServer - Tomcat started on port(s): 7300 (http) with context path ''
[2020-06-23 13:47:41:16520][main] INFO  o.s.c.n.e.s.EurekaAutoServiceRegistration - Updating port to 7300
[2020-06-23 13:47:42:17628][main] INFO  com.ibiz.api.ApiApplication - Started ApiApplication in 17.329 seconds (JVM running for 18.389)
[2020-06-23 13:52:40:316174][AsyncResolver-bootstrap-executor-0] INFO  c.n.d.s.r.aws.ConfigClusterResolver - Resolving eureka endpoints via configuration
[2020-06-23 13:57:40:616177][AsyncResolver-bootstrap-executor-0] INFO  c.n.d.s.r.aws.ConfigClusterResolver - Resolving eureka endpoints via configuration
[2020-06-23 14:00:23:778799][http-nio-7300-exec-1] INFO  o.a.c.c.C.[Tomcat].[localhost].[/] - Initializing Spring DispatcherServlet 'dispatcherServlet'
[2020-06-23 14:00:23:778799][http-nio-7300-exec-1] INFO  o.s.web.servlet.DispatcherServlet - Initializing Servlet 'dispatcherServlet'
[2020-06-23 14:00:23:778799][http-nio-7300-exec-1] INFO  o.s.web.servlet.DispatcherServlet - Initializing Servlet 'dispatcherServlet'
[2020-06-23 14:00:23:778817][http-nio-7300-exec-1] INFO  o.s.web.servlet.DispatcherServlet - Completed initialization in 17 ms
[2020-06-23 14:00:23:778817][http-nio-7300-exec-1] INFO  o.s.web.servlet.DispatcherServlet - Completed initialization in 17 ms
[2020-06-23 14:00:23:779043][http-nio-7300-exec-1] INFO  io.lettuce.core.EpollProvider - Starting without optional epoll library
[2020-06-23 14:00:23:779045][http-nio-7300-exec-1] INFO  io.lettuce.core.KqueueProvider - Starting without optional kqueue library
[2020-06-23 14:00:25:781064][http-nio-7300-exec-1] INFO  c.i.a.c.BizChanceController - Call Controller : com.ibiz.api.controller.BizChanceController.selectBizChanceList
[2020-06-23 14:00:28:784093][http-nio-7300-exec-1] INFO  com.zaxxer.hikari.HikariDataSource - HikariPool-1 - Starting...
[2020-06-23 14:00:28:784307][http-nio-7300-exec-1] INFO  com.zaxxer.hikari.HikariDataSource - HikariPool-1 - Start completed.
[2020-06-23 14:00:28:784316][http-nio-7300-exec-1] INFO  c.ibiz.api.service.BizChanceService - Call Service : com.ibiz.api.service.BizChanceService.selectBizChanceList
[2020-06-23 14:00:41:796906][http-nio-7300-exec-2] INFO  c.i.a.c.BizChanceController - Call Controller : com.ibiz.api.controller.BizChanceController.selectBizChanceView
[2020-06-23 14:00:41:796934][http-nio-7300-exec-2] INFO  c.ibiz.api.service.BizChanceService - Call Service : com.ibiz.api.service.BizChanceService.selectBizChanceView
[2020-06-23 14:00:41:797061][http-nio-7300-exec-3] INFO  c.i.a.c.BizChanceController - Call Controller : com.ibiz.api.controller.BizChanceController.selectBizChanceRelList
[2020-06-23 14:00:41:797066][http-nio-7300-exec-3] INFO  c.ibiz.api.service.BizChanceService - Call Service : com.ibiz.api.service.BizChanceService.selectBizChanceRelList
[2020-06-23 14:00:41:797093][http-nio-7300-exec-4] INFO  c.i.a.c.BizChanceController - Call Controller : com.ibiz.api.controller.BizChanceController.selectRlvnOfferProfitList
[2020-06-23 14:00:41:797096][http-nio-7300-exec-4] INFO  c.ibiz.api.service.BizChanceService - Call Service : com.ibiz.api.service.BizChanceService.selectRlvnOfferProfitList
[2020-06-23 14:00:41:797125][http-nio-7300-exec-5] INFO  c.i.a.c.BizChanceController - Call Controller : com.ibiz.api.controller.BizChanceController.selectBizChanceActivityList
[2020-06-23 14:00:41:797127][http-nio-7300-exec-5] INFO  c.ibiz.api.service.BizChanceService - Call Service : com.ibiz.api.service.BizChanceService.selectBizChanceActivityList
[2020-06-23 14:00:45:800890][http-nio-7300-exec-7] INFO  c.i.a.c.BizChanceController - Call Controller : com.ibiz.api.controller.BizChanceController.selectBizChanceList
[2020-06-23 14:00:45:800895][http-nio-7300-exec-7] INFO  c.ibiz.api.service.BizChanceService - Call Service : com.ibiz.api.service.BizChanceService.selectBizChanceList
[2020-06-23 14:00:46:801837][http-nio-7300-exec-6] INFO  c.i.a.c.BizChanceController - Call Controller : com.ibiz.api.controller.BizChanceController.selectBizChanceList
[2020-06-23 14:00:46:801842][http-nio-7300-exec-6] INFO  c.ibiz.api.service.BizChanceService - Call Service : com.ibiz.api.service.BizChanceService.selectBizChanceList
[2020-06-23 14:00:47:802837][http-nio-7300-exec-10] INFO  c.i.a.c.BizChanceController - Call Controller : com.ibiz.api.controller.BizChanceController.selectBizChanceView
[2020-06-23 14:00:47:802845][http-nio-7300-exec-10] INFO  c.ibiz.api.service.BizChanceService - Call Service : com.ibiz.api.service.BizChanceService.selectBizChanceView
[2020-06-23 14:00:47:802939][http-nio-7300-exec-9] INFO  c.i.a.c.BizChanceController - Call Controller : com.ibiz.api.controller.BizChanceController.selectBizChanceRelList
[2020-06-23 14:00:47:802943][http-nio-7300-exec-9] INFO  c.ibiz.api.service.BizChanceService - Call Service : com.ibiz.api.service.BizChanceService.selectBizChanceRelList
[2020-06-23 14:00:47:802973][http-nio-7300-exec-8] INFO  c.i.a.c.BizChanceController - Call Controller : com.ibiz.api.controller.BizChanceController.selectRlvnOfferProfitList
[2020-06-23 14:00:47:802977][http-nio-7300-exec-8] INFO  c.ibiz.api.service.BizChanceService - Call Service : com.ibiz.api.service.BizChanceService.selectRlvnOfferProfitList
[2020-06-23 14:00:47:803009][http-nio-7300-exec-1] INFO  c.i.a.c.BizChanceController - Call Controller : com.ibiz.api.controller.BizChanceController.selectBizChanceActivityList
[2020-06-23 14:00:47:803012][http-nio-7300-exec-1] INFO  c.ibiz.api.service.BizChanceService - Call Service : com.ibiz.api.service.BizChanceService.selectBizChanceActivityList
[2020-06-23 14:00:49:804868][http-nio-7300-exec-2] INFO  c.i.a.c.BizChanceController - Call Controller : com.ibiz.api.controller.BizChanceController.selectBizChanceList
[2020-06-23 14:00:49:804874][http-nio-7300-exec-2] INFO  c.ibiz.api.service.BizChanceService - Call Service : com.ibiz.api.service.BizChanceService.selectBizChanceList
[2020-06-23 14:00:49:804985][http-nio-7300-exec-3] INFO  c.i.a.c.BizChanceController - Call Controller : com.ibiz.api.controller.BizChanceController.selectBizChanceList
[2020-06-23 14:00:49:804992][http-nio-7300-exec-3] INFO  c.ibiz.api.service.BizChanceService - Call Service : com.ibiz.api.service.BizChanceService.selectBizChanceList
[2020-06-23 14:00:51:806645][http-nio-7300-exec-4] INFO  c.i.a.controller.EstimateController - Call Controller : com.ibiz.api.controller.EstimateController.selectQuoteAnalysisList
[2020-06-23 14:00:51:806657][http-nio-7300-exec-4] INFO  c.i.api.service.EstimatePSService - Call Service : com.ibiz.api.service.EstimatePSService.selectQuoteAnalysisList
[2020-06-23 14:00:53:809298][http-nio-7300-exec-5] INFO  c.i.a.controller.EstimateController - Call Controller : com.ibiz.api.controller.EstimateController.selectVrbCriteriaList
[2020-06-23 14:00:53:809334][http-nio-7300-exec-5] INFO  c.i.api.service.EstimatePSService - Call Service : com.ibiz.api.service.EstimatePSService.selectVrbCriteriaList
[2020-06-23 14:00:54:809485][http-nio-7300-exec-7] INFO  c.i.a.c.ProfitAnalysisController - Call Controller : com.ibiz.api.controller.ProfitAnalysisController.selectEstimatedPSAnalysis
[2020-06-23 14:00:54:809495][http-nio-7300-exec-7] INFO  c.i.a.s.ProfitAnalysisPnSService - Call Service : com.ibiz.api.service.ProfitAnalysisPnSService.selectEstimatedPSAnalysis
[2020-06-23 14:00:54:810175][http-nio-7300-exec-6] INFO  c.i.a.c.ProfitAnalysisController - Call Controller : com.ibiz.api.controller.ProfitAnalysisController.selectDraftButtonList
[2020-06-23 14:00:54:810181][http-nio-7300-exec-6] INFO  c.i.a.s.ProfitAnalysisPnSService - Call Service : com.ibiz.api.service.ProfitAnalysisPnSService.selectDraftButtonList
[2020-06-23 14:00:55:810979][http-nio-7300-exec-10] INFO  c.i.a.c.BizChanceController - Call Controller : com.ibiz.api.controller.BizChanceController.selectBizChanceView
[2020-06-23 14:00:55:810989][http-nio-7300-exec-10] INFO  c.ibiz.api.service.BizChanceService - Call Service : com.ibiz.api.service.BizChanceService.selectBizChanceView
[2020-06-23 14:00:55:811062][http-nio-7300-exec-9] INFO  c.i.a.c.BizChanceController - Call Controller : com.ibiz.api.controller.BizChanceController.selectBizChanceRelList
[2020-06-23 14:00:55:811064][http-nio-7300-exec-9] INFO  c.ibiz.api.service.BizChanceService - Call Service : com.ibiz.api.service.BizChanceService.selectBizChanceRelList
[2020-06-23 14:00:55:811085][http-nio-7300-exec-8] INFO  c.i.a.c.BizChanceController - Call Controller : com.ibiz.api.controller.BizChanceController.selectRlvnOfferProfitList
[2020-06-23 14:00:55:811086][http-nio-7300-exec-8] INFO  c.ibiz.api.service.BizChanceService - Call Service : com.ibiz.api.service.BizChanceService.selectRlvnOfferProfitList
[2020-06-23 14:00:55:811113][http-nio-7300-exec-1] INFO  c.i.a.c.BizChanceController - Call Controller : com.ibiz.api.controller.BizChanceController.selectBizChanceActivityList
[2020-06-23 14:00:55:811115][http-nio-7300-exec-1] INFO  c.ibiz.api.service.BizChanceService - Call Service : com.ibiz.api.service.BizChanceService.selectBizChanceActivityList
[2020-06-23 14:01:06:822138][http-nio-7300-exec-2] INFO  c.i.a.c.BizChanceController - Call Controller : com.ibiz.api.controller.BizChanceController.selectBizChanceList
[2020-06-23 14:01:06:822145][http-nio-7300-exec-2] INFO  c.ibiz.api.service.BizChanceService - Call Service : com.ibiz.api.service.BizChanceService.selectBizChanceList
[2020-06-23 14:01:08:824155][http-nio-7300-exec-3] INFO  c.i.a.c.BizChanceController - Call Controller : com.ibiz.api.controller.BizChanceController.selectBizChanceList
[2020-06-23 14:01:08:824159][http-nio-7300-exec-3] INFO  c.ibiz.api.service.BizChanceService - Call Service : com.ibiz.api.service.BizChanceService.selectBizChanceList
[2020-06-23 14:01:09:825162][http-nio-7300-exec-4] INFO  c.i.a.c.BizChanceController - Call Controller : com.ibiz.api.controller.BizChanceController.selectBizChanceList
[2020-06-23 14:01:09:825165][http-nio-7300-exec-4] INFO  c.ibiz.api.service.BizChanceService - Call Service : com.ibiz.api.service.BizChanceService.selectBizChanceList
[2020-06-23 14:01:12:827894][http-nio-7300-exec-5] INFO  c.i.a.c.BizChanceController - Call Controller : com.ibiz.api.controller.BizChanceController.selectBizChanceView
[2020-06-23 14:01:12:827903][http-nio-7300-exec-5] INFO  c.ibiz.api.service.BizChanceService - Call Service : com.ibiz.api.service.BizChanceService.selectBizChanceView
[2020-06-23 14:01:12:828018][http-nio-7300-exec-7] INFO  c.i.a.c.BizChanceController - Call Controller : com.ibiz.api.controller.BizChanceController.selectBizChanceRelList
[2020-06-23 14:01:12:828020][http-nio-7300-exec-7] INFO  c.ibiz.api.service.BizChanceService - Call Service : com.ibiz.api.service.BizChanceService.selectBizChanceRelList
[2020-06-23 14:01:12:828056][http-nio-7300-exec-6] INFO  c.i.a.c.BizChanceController - Call Controller : com.ibiz.api.controller.BizChanceController.selectRlvnOfferProfitList
[2020-06-23 14:01:12:828059][http-nio-7300-exec-6] INFO  c.ibiz.api.service.BizChanceService - Call Service : com.ibiz.api.service.BizChanceService.selectRlvnOfferProfitList
[2020-06-23 14:01:12:828083][http-nio-7300-exec-10] INFO  c.i.a.c.BizChanceController - Call Controller : com.ibiz.api.controller.BizChanceController.selectBizChanceActivityList
[2020-06-23 14:01:12:828085][http-nio-7300-exec-10] INFO  c.ibiz.api.service.BizChanceService - Call Service : com.ibiz.api.service.BizChanceService.selectBizChanceActivityList
[2020-06-23 14:01:17:832692][http-nio-7300-exec-9] INFO  c.i.a.c.BizChanceController - Call Controller : com.ibiz.api.controller.BizChanceController.selectBizChanceView
[2020-06-23 14:01:17:832700][http-nio-7300-exec-9] INFO  c.ibiz.api.service.BizChanceService - Call Service : com.ibiz.api.service.BizChanceService.selectBizChanceView
[2020-06-23 14:01:17:832835][http-nio-7300-exec-8] INFO  c.i.a.c.BizChanceController - Call Controller : com.ibiz.api.controller.BizChanceController.selectBizChanceRelList
[2020-06-23 14:01:17:832839][http-nio-7300-exec-8] INFO  c.ibiz.api.service.BizChanceService - Call Service : com.ibiz.api.service.BizChanceService.selectBizChanceRelList
[2020-06-23 14:01:17:832869][http-nio-7300-exec-1] INFO  c.i.a.c.BizChanceController - Call Controller : com.ibiz.api.controller.BizChanceController.selectRlvnOfferProfitList
[2020-06-23 14:01:17:832874][http-nio-7300-exec-1] INFO  c.ibiz.api.service.BizChanceService - Call Service : com.ibiz.api.service.BizChanceService.selectRlvnOfferProfitList
[2020-06-23 14:01:17:832901][http-nio-7300-exec-2] INFO  c.i.a.c.BizChanceController - Call Controller : com.ibiz.api.controller.BizChanceController.selectBizChanceActivityList
[2020-06-23 14:01:17:832903][http-nio-7300-exec-2] INFO  c.ibiz.api.service.BizChanceService - Call Service : com.ibiz.api.service.BizChanceService.selectBizChanceActivityList
[2020-06-23 14:02:11:887301][http-nio-7300-exec-3] INFO  c.i.a.c.BizChanceController - Call Controller : com.ibiz.api.controller.BizChanceController.selectBizChanceView
[2020-06-23 14:02:11:887307][http-nio-7300-exec-3] INFO  c.ibiz.api.service.BizChanceService - Call Service : com.ibiz.api.service.BizChanceService.selectBizChanceView
[2020-06-23 14:02:11:887416][http-nio-7300-exec-4] INFO  c.i.a.c.BizChanceController - Call Controller : com.ibiz.api.controller.BizChanceController.selectBizChanceRelList
[2020-06-23 14:02:11:887417][http-nio-7300-exec-4] INFO  c.ibiz.api.service.BizChanceService - Call Service : com.ibiz.api.service.BizChanceService.selectBizChanceRelList
[2020-06-23 14:02:12:887454][http-nio-7300-exec-5] INFO  c.i.a.c.BizChanceController - Call Controller : com.ibiz.api.controller.BizChanceController.selectRlvnOfferProfitList
[2020-06-23 14:02:12:887459][http-nio-7300-exec-5] INFO  c.ibiz.api.service.BizChanceService - Call Service : com.ibiz.api.service.BizChanceService.selectRlvnOfferProfitList
[2020-06-23 14:02:12:887499][http-nio-7300-exec-7] INFO  c.i.a.c.BizChanceController - Call Controller : com.ibiz.api.controller.BizChanceController.selectBizChanceActivityList
[2020-06-23 14:02:12:887501][http-nio-7300-exec-7] INFO  c.ibiz.api.service.BizChanceService - Call Service : com.ibiz.api.service.BizChanceService.selectBizChanceActivityList
[2020-06-23 14:02:40:916179][AsyncResolver-bootstrap-executor-0] INFO  c.n.d.s.r.aws.ConfigClusterResolver - Resolving eureka endpoints via configuration
[2020-06-23 14:03:12:947547][http-nio-7300-exec-10] INFO  c.i.a.c.BizChanceController - Call Controller : com.ibiz.api.controller.BizChanceController.selectBizChanceView
[2020-06-23 14:03:12:947553][http-nio-7300-exec-10] INFO  c.ibiz.api.service.BizChanceService - Call Service : com.ibiz.api.service.BizChanceService.selectBizChanceView
[2020-06-23 14:03:12:947653][http-nio-7300-exec-9] INFO  c.i.a.c.BizChanceController - Call Controller : com.ibiz.api.controller.BizChanceController.selectBizChanceRelList
[2020-06-23 14:03:12:947658][http-nio-7300-exec-9] INFO  c.ibiz.api.service.BizChanceService - Call Service : com.ibiz.api.service.BizChanceService.selectBizChanceRelList
[2020-06-23 14:03:12:947682][http-nio-7300-exec-8] INFO  c.i.a.c.BizChanceController - Call Controller : com.ibiz.api.controller.BizChanceController.selectRlvnOfferProfitList
[2020-06-23 14:03:12:947684][http-nio-7300-exec-8] INFO  c.ibiz.api.service.BizChanceService - Call Service : com.ibiz.api.service.BizChanceService.selectRlvnOfferProfitList
[2020-06-23 14:03:12:947726][http-nio-7300-exec-1] INFO  c.i.a.c.BizChanceController - Call Controller : com.ibiz.api.controller.BizChanceController.selectBizChanceActivityList
[2020-06-23 14:03:12:947728][http-nio-7300-exec-1] INFO  c.ibiz.api.service.BizChanceService - Call Service : com.ibiz.api.service.BizChanceService.selectBizChanceActivityList
[2020-06-23 14:03:14:949713][http-nio-7300-exec-2] INFO  c.i.a.c.BizChanceController - Call Controller : com.ibiz.api.controller.BizChanceController.selectBizChanceList
[2020-06-23 14:03:14:949716][http-nio-7300-exec-2] INFO  c.ibiz.api.service.BizChanceService - Call Service : com.ibiz.api.service.BizChanceService.selectBizChanceList
[2020-06-23 14:03:22:958013][http-nio-7300-exec-3] INFO  c.i.a.c.BizChanceController - Call Controller : com.ibiz.api.controller.BizChanceController.selectBizChanceList
[2020-06-23 14:03:22:958016][http-nio-7300-exec-3] INFO  c.ibiz.api.service.BizChanceService - Call Service : com.ibiz.api.service.BizChanceService.selectBizChanceList
[2020-06-23 14:03:25:960941][http-nio-7300-exec-4] INFO  c.i.a.c.BizChanceController - Call Controller : com.ibiz.api.controller.BizChanceController.selectBizChanceList
[2020-06-23 14:03:25:960946][http-nio-7300-exec-4] INFO  c.ibiz.api.service.BizChanceService - Call Service : com.ibiz.api.service.BizChanceService.selectBizChanceList
[2020-06-23 14:03:26:962102][http-nio-7300-exec-5] INFO  c.i.a.c.BizChanceController - Call Controller : com.ibiz.api.controller.BizChanceController.selectExcelDwnlBizChanceSellBuyList
[2020-06-23 14:03:26:962106][http-nio-7300-exec-5] INFO  c.ibiz.api.service.BizChanceService - Call Service : com.ibiz.api.service.BizChanceService.selectExcelDwnlBizChanceSellBuyList
[2020-06-23 14:03:27:962695][http-nio-7300-exec-7] INFO  c.i.a.c.BizChanceController - Call Controller : com.ibiz.api.controller.BizChanceController.selectExcelDwnlBizChanceList
[2020-06-23 14:03:27:962701][http-nio-7300-exec-7] INFO  c.ibiz.api.service.BizChanceService - Call Service : com.ibiz.api.service.BizChanceService.getBizOpportunityDetailList
[2020-06-23 14:03:33:968652][http-nio-7300-exec-6] INFO  c.i.a.c.BizChanceController - Call Controller : com.ibiz.api.controller.BizChanceController.selectExcelDwnlBizChanceSellBuyList
[2020-06-23 14:03:33:968656][http-nio-7300-exec-6] INFO  c.ibiz.api.service.BizChanceService - Call Service : com.ibiz.api.service.BizChanceService.selectExcelDwnlBizChanceSellBuyList
[2020-06-23 14:04:20:1015807][http-nio-7300-exec-10] INFO  c.i.a.c.BizChanceController - Call Controller : com.ibiz.api.controller.BizChanceController.selectBizChanceList
[2020-06-23 14:04:20:1015811][http-nio-7300-exec-10] INFO  c.ibiz.api.service.BizChanceService - Call Service : com.ibiz.api.service.BizChanceService.selectBizChanceList
[2020-06-23 14:04:26:1021685][http-nio-7300-exec-9] INFO  c.i.a.c.BizChanceController - Call Controller : com.ibiz.api.controller.BizChanceController.selectBizChanceList
[2020-06-23 14:04:26:1021688][http-nio-7300-exec-9] INFO  c.ibiz.api.service.BizChanceService - Call Service : com.ibiz.api.service.BizChanceService.selectBizChanceList
[2020-06-23 14:05:00:1056026][http-nio-7300-exec-1] INFO  c.i.a.c.BizChanceController - Call Controller : com.ibiz.api.controller.BizChanceController.selectBizChanceList
[2020-06-23 14:05:00:1056029][http-nio-7300-exec-1] INFO  c.ibiz.api.service.BizChanceService - Call Service : com.ibiz.api.service.BizChanceService.selectBizChanceList
[2020-06-23 14:05:03:1058878][http-nio-7300-exec-2] INFO  c.i.a.c.BizChanceController - Call Controller : com.ibiz.api.controller.BizChanceController.selectBizChanceList
[2020-06-23 14:05:03:1058882][http-nio-7300-exec-2] INFO  c.ibiz.api.service.BizChanceService - Call Service : com.ibiz.api.service.BizChanceService.selectBizChanceList
[2020-06-23 14:05:07:1062573][http-nio-7300-exec-3] INFO  c.i.a.c.BizChanceController - Call Controller : com.ibiz.api.controller.BizChanceController.selectBizChanceList
[2020-06-23 14:05:07:1062576][http-nio-7300-exec-3] INFO  c.ibiz.api.service.BizChanceService - Call Service : com.ibiz.api.service.BizChanceService.selectBizChanceList
[2020-06-23 14:05:26:1081960][http-nio-7300-exec-4] INFO  c.i.a.c.BizChanceController - Call Controller : com.ibiz.api.controller.BizChanceController.selectBizChanceList
[2020-06-23 14:05:26:1081963][http-nio-7300-exec-4] INFO  c.ibiz.api.service.BizChanceService - Call Service : com.ibiz.api.service.BizChanceService.selectBizChanceList
[2020-06-23 14:05:42:1097837][http-nio-7300-exec-7] INFO  c.i.a.c.BizChanceController - Call Controller : com.ibiz.api.controller.BizChanceController.selectBizChanceList
[2020-06-23 14:05:42:1097841][http-nio-7300-exec-7] INFO  c.ibiz.api.service.BizChanceService - Call Service : com.ibiz.api.service.BizChanceService.selectBizChanceList
[2020-06-23 14:06:19:1134782][http-nio-7300-exec-5] INFO  c.i.a.c.BizChanceController - Call Controller : com.ibiz.api.controller.BizChanceController.selectBizChanceList
[2020-06-23 14:06:19:1134786][http-nio-7300-exec-5] INFO  c.ibiz.api.service.BizChanceService - Call Service : com.ibiz.api.service.BizChanceService.selectBizChanceList
[2020-06-23 14:06:20:1136316][http-nio-7300-exec-6] INFO  c.i.a.c.BizChanceController - Call Controller : com.ibiz.api.controller.BizChanceController.selectBizChanceView
[2020-06-23 14:06:20:1136319][http-nio-7300-exec-6] INFO  c.ibiz.api.service.BizChanceService - Call Service : com.ibiz.api.service.BizChanceService.selectBizChanceView
[2020-06-23 14:06:20:1136392][http-nio-7300-exec-10] INFO  c.i.a.c.BizChanceController - Call Controller : com.ibiz.api.controller.BizChanceController.selectBizChanceRelList
[2020-06-23 14:06:20:1136394][http-nio-7300-exec-10] INFO  c.ibiz.api.service.BizChanceService - Call Service : com.ibiz.api.service.BizChanceService.selectBizChanceRelList
[2020-06-23 14:06:20:1136412][http-nio-7300-exec-9] INFO  c.i.a.c.BizChanceController - Call Controller : com.ibiz.api.controller.BizChanceController.selectRlvnOfferProfitList
[2020-06-23 14:06:20:1136413][http-nio-7300-exec-9] INFO  c.ibiz.api.service.BizChanceService - Call Service : com.ibiz.api.service.BizChanceService.selectRlvnOfferProfitList
[2020-06-23 14:06:20:1136432][http-nio-7300-exec-8] INFO  c.i.a.c.BizChanceController - Call Controller : com.ibiz.api.controller.BizChanceController.selectBizChanceActivityList
[2020-06-23 14:06:20:1136433][http-nio-7300-exec-8] INFO  c.ibiz.api.service.BizChanceService - Call Service : com.ibiz.api.service.BizChanceService.selectBizChanceActivityList
[2020-06-23 14:06:24:1139842][http-nio-7300-exec-1] INFO  c.i.a.c.BizChanceController - Call Controller : com.ibiz.api.controller.BizChanceController.selectBizChanceList
[2020-06-23 14:06:24:1139845][http-nio-7300-exec-1] INFO  c.ibiz.api.service.BizChanceService - Call Service : com.ibiz.api.service.BizChanceService.selectBizChanceList
[2020-06-23 14:07:30:1205504][http-nio-7300-exec-3] INFO  c.i.a.c.BizChanceController - Call Controller : com.ibiz.api.controller.BizChanceController.insertBizChance
[2020-06-23 14:07:30:1205508][http-nio-7300-exec-3] INFO  c.ibiz.api.service.BizChanceService - Call Service : com.ibiz.api.service.BizChanceService.insertBizChance
[2020-06-23 14:07:30:1206061][http-nio-7300-exec-4] INFO  c.i.a.c.BizChanceController - Call Controller : com.ibiz.api.controller.BizChanceController.selectBizChanceView
[2020-06-23 14:07:30:1206064][http-nio-7300-exec-4] INFO  c.ibiz.api.service.BizChanceService - Call Service : com.ibiz.api.service.BizChanceService.selectBizChanceView
[2020-06-23 14:07:30:1206166][http-nio-7300-exec-7] INFO  c.i.a.c.BizChanceController - Call Controller : com.ibiz.api.controller.BizChanceController.selectBizChanceRelList
[2020-06-23 14:07:30:1206171][http-nio-7300-exec-7] INFO  c.ibiz.api.service.BizChanceService - Call Service : com.ibiz.api.service.BizChanceService.selectBizChanceRelList
[2020-06-23 14:07:30:1206201][http-nio-7300-exec-5] INFO  c.i.a.c.BizChanceController - Call Controller : com.ibiz.api.controller.BizChanceController.selectRlvnOfferProfitList
[2020-06-23 14:07:30:1206203][http-nio-7300-exec-5] INFO  c.ibiz.api.service.BizChanceService - Call Service : com.ibiz.api.service.BizChanceService.selectRlvnOfferProfitList
[2020-06-23 14:07:30:1206228][http-nio-7300-exec-6] INFO  c.i.a.c.BizChanceController - Call Controller : com.ibiz.api.controller.BizChanceController.selectBizChanceActivityList
[2020-06-23 14:07:30:1206229][http-nio-7300-exec-6] INFO  c.ibiz.api.service.BizChanceService - Call Service : com.ibiz.api.service.BizChanceService.selectBizChanceActivityList
[2020-06-23 14:07:33:1208801][http-nio-7300-exec-10] INFO  c.i.a.c.BizChanceController - Call Controller : com.ibiz.api.controller.BizChanceController.selectBizChanceView
[2020-06-23 14:07:33:1208808][http-nio-7300-exec-10] INFO  c.ibiz.api.service.BizChanceService - Call Service : com.ibiz.api.service.BizChanceService.selectBizChanceView
[2020-06-23 14:07:33:1208879][http-nio-7300-exec-9] INFO  c.i.a.c.BizChanceController - Call Controller : com.ibiz.api.controller.BizChanceController.selectBizChanceRelList
[2020-06-23 14:07:33:1208881][http-nio-7300-exec-9] INFO  c.ibiz.api.service.BizChanceService - Call Service : com.ibiz.api.service.BizChanceService.selectBizChanceRelList
[2020-06-23 14:07:33:1208930][http-nio-7300-exec-8] INFO  c.i.a.c.BizChanceController - Call Controller : com.ibiz.api.controller.BizChanceController.selectRlvnOfferProfitList
[2020-06-23 14:07:33:1208933][http-nio-7300-exec-8] INFO  c.ibiz.api.service.BizChanceService - Call Service : com.ibiz.api.service.BizChanceService.selectRlvnOfferProfitList
[2020-06-23 14:07:33:1208958][http-nio-7300-exec-1] INFO  c.i.a.c.BizChanceController - Call Controller : com.ibiz.api.controller.BizChanceController.selectBizChanceActivityList
[2020-06-23 14:07:33:1208960][http-nio-7300-exec-1] INFO  c.ibiz.api.service.BizChanceService - Call Service : com.ibiz.api.service.BizChanceService.selectBizChanceActivityList
[2020-06-23 14:07:35:1210915][http-nio-7300-exec-2] INFO  c.i.a.c.BizChanceController - Call Controller : com.ibiz.api.controller.BizChanceController.selectBizChanceView
[2020-06-23 14:07:35:1210920][http-nio-7300-exec-2] INFO  c.ibiz.api.service.BizChanceService - Call Service : com.ibiz.api.service.BizChanceService.selectBizChanceView
[2020-06-23 14:07:35:1210996][http-nio-7300-exec-3] INFO  c.i.a.c.BizChanceController - Call Controller : com.ibiz.api.controller.BizChanceController.selectBizChanceRelList
[2020-06-23 14:07:35:1210997][http-nio-7300-exec-3] INFO  c.ibiz.api.service.BizChanceService - Call Service : com.ibiz.api.service.BizChanceService.selectBizChanceRelList
[2020-06-23 14:07:35:1211041][http-nio-7300-exec-4] INFO  c.i.a.c.BizChanceController - Call Controller : com.ibiz.api.controller.BizChanceController.selectRlvnOfferProfitList
[2020-06-23 14:07:35:1211043][http-nio-7300-exec-4] INFO  c.ibiz.api.service.BizChanceService - Call Service : com.ibiz.api.service.BizChanceService.selectRlvnOfferProfitList
[2020-06-23 14:07:35:1211063][http-nio-7300-exec-7] INFO  c.i.a.c.BizChanceController - Call Controller : com.ibiz.api.controller.BizChanceController.selectBizChanceActivityList
[2020-06-23 14:07:35:1211065][http-nio-7300-exec-7] INFO  c.ibiz.api.service.BizChanceService - Call Service : com.ibiz.api.service.BizChanceService.selectBizChanceActivityList
[2020-06-23 14:07:37:1212815][http-nio-7300-exec-5] INFO  c.i.a.c.BizChanceController - Call Controller : com.ibiz.api.controller.BizChanceController.selectBizChance
[2020-06-23 14:07:37:1212818][http-nio-7300-exec-5] INFO  c.ibiz.api.service.BizChanceService - Call Service : com.ibiz.api.service.BizChanceService.selectBizChance
[2020-06-23 14:07:40:1216182][AsyncResolver-bootstrap-executor-0] INFO  c.n.d.s.r.aws.ConfigClusterResolver - Resolving eureka endpoints via configuration
[2020-06-23 14:08:13:1248863][http-nio-7300-exec-6] INFO  c.i.a.c.BizChanceController - Call Controller : com.ibiz.api.controller.BizChanceController.selectBizChanceView
[2020-06-23 14:08:13:1248868][http-nio-7300-exec-6] INFO  c.ibiz.api.service.BizChanceService - Call Service : com.ibiz.api.service.BizChanceService.selectBizChanceView
[2020-06-23 14:08:13:1248977][http-nio-7300-exec-10] INFO  c.i.a.c.BizChanceController - Call Controller : com.ibiz.api.controller.BizChanceController.selectBizChanceRelList
[2020-06-23 14:08:13:1248979][http-nio-7300-exec-10] INFO  c.ibiz.api.service.BizChanceService - Call Service : com.ibiz.api.service.BizChanceService.selectBizChanceRelList
[2020-06-23 14:08:13:1249020][http-nio-7300-exec-9] INFO  c.i.a.c.BizChanceController - Call Controller : com.ibiz.api.controller.BizChanceController.selectRlvnOfferProfitList
[2020-06-23 14:08:13:1249023][http-nio-7300-exec-9] INFO  c.ibiz.api.service.BizChanceService - Call Service : com.ibiz.api.service.BizChanceService.selectRlvnOfferProfitList
[2020-06-23 14:08:13:1249059][http-nio-7300-exec-8] INFO  c.i.a.c.BizChanceController - Call Controller : com.ibiz.api.controller.BizChanceController.selectBizChanceActivityList
[2020-06-23 14:08:13:1249061][http-nio-7300-exec-8] INFO  c.ibiz.api.service.BizChanceService - Call Service : com.ibiz.api.service.BizChanceService.selectBizChanceActivityList
[2020-06-23 14:08:20:1256063][http-nio-7300-exec-1] INFO  c.i.a.c.BizChanceController - Call Controller : com.ibiz.api.controller.BizChanceController.selectBizChance
[2020-06-23 14:08:20:1256066][http-nio-7300-exec-1] INFO  c.ibiz.api.service.BizChanceService - Call Service : com.ibiz.api.service.BizChanceService.selectBizChance
[2020-06-23 14:08:26:1262353][http-nio-7300-exec-2] INFO  c.i.a.c.BizChanceController - Call Controller : com.ibiz.api.controller.BizChanceController.updateBizChance
[2020-06-23 14:08:26:1262357][http-nio-7300-exec-2] INFO  c.ibiz.api.service.BizChanceService - Call Service : com.ibiz.api.service.BizChanceService.updateBizChance
[2020-06-23 14:08:27:1263213][http-nio-7300-exec-3] INFO  c.i.a.c.BizChanceController - Call Controller : com.ibiz.api.controller.BizChanceController.selectBizChanceView
[2020-06-23 14:08:27:1263216][http-nio-7300-exec-3] INFO  c.ibiz.api.service.BizChanceService - Call Service : com.ibiz.api.service.BizChanceService.selectBizChanceView
[2020-06-23 14:08:27:1263307][http-nio-7300-exec-4] INFO  c.i.a.c.BizChanceController - Call Controller : com.ibiz.api.controller.BizChanceController.selectBizChanceRelList
[2020-06-23 14:08:27:1263308][http-nio-7300-exec-4] INFO  c.ibiz.api.service.BizChanceService - Call Service : com.ibiz.api.service.BizChanceService.selectBizChanceRelList
[2020-06-23 14:08:27:1263360][http-nio-7300-exec-7] INFO  c.i.a.c.BizChanceController - Call Controller : com.ibiz.api.controller.BizChanceController.selectRlvnOfferProfitList
[2020-06-23 14:08:27:1263364][http-nio-7300-exec-7] INFO  c.ibiz.api.service.BizChanceService - Call Service : com.ibiz.api.service.BizChanceService.selectRlvnOfferProfitList
[2020-06-23 14:08:27:1263393][http-nio-7300-exec-5] INFO  c.i.a.c.BizChanceController - Call Controller : com.ibiz.api.controller.BizChanceController.selectBizChanceActivityList
[2020-06-23 14:08:27:1263394][http-nio-7300-exec-5] INFO  c.ibiz.api.service.BizChanceService - Call Service : com.ibiz.api.service.BizChanceService.selectBizChanceActivityList
[2020-06-23 14:08:31:1266718][http-nio-7300-exec-6] INFO  c.i.a.c.BizChanceController - Call Controller : com.ibiz.api.controller.BizChanceController.selectBizChance
[2020-06-23 14:08:31:1266725][http-nio-7300-exec-6] INFO  c.ibiz.api.service.BizChanceService - Call Service : com.ibiz.api.service.BizChanceService.selectBizChance
[2020-06-23 14:08:39:1275327][http-nio-7300-exec-10] INFO  c.i.a.c.BizChanceController - Call Controller : com.ibiz.api.controller.BizChanceController.selectBizChanceView
[2020-06-23 14:08:39:1275331][http-nio-7300-exec-10] INFO  c.ibiz.api.service.BizChanceService - Call Service : com.ibiz.api.service.BizChanceService.selectBizChanceView
[2020-06-23 14:08:39:1275404][http-nio-7300-exec-9] INFO  c.i.a.c.BizChanceController - Call Controller : com.ibiz.api.controller.BizChanceController.selectBizChanceRelList
[2020-06-23 14:08:39:1275407][http-nio-7300-exec-9] INFO  c.ibiz.api.service.BizChanceService - Call Service : com.ibiz.api.service.BizChanceService.selectBizChanceRelList
[2020-06-23 14:08:40:1275491][http-nio-7300-exec-8] INFO  c.i.a.c.BizChanceController - Call Controller : com.ibiz.api.controller.BizChanceController.selectRlvnOfferProfitList
[2020-06-23 14:08:40:1275494][http-nio-7300-exec-8] INFO  c.ibiz.api.service.BizChanceService - Call Service : com.ibiz.api.service.BizChanceService.selectRlvnOfferProfitList
[2020-06-23 14:08:40:1275573][http-nio-7300-exec-1] INFO  c.i.a.c.BizChanceController - Call Controller : com.ibiz.api.controller.BizChanceController.selectBizChanceActivityList
[2020-06-23 14:08:40:1275575][http-nio-7300-exec-1] INFO  c.ibiz.api.service.BizChanceService - Call Service : com.ibiz.api.service.BizChanceService.selectBizChanceActivityList
[2020-06-23 14:08:47:1283103][http-nio-7300-exec-2] INFO  c.i.a.c.BizChanceController - Call Controller : com.ibiz.api.controller.BizChanceController.insertBizChanceActivity
[2020-06-23 14:08:47:1283106][http-nio-7300-exec-2] INFO  c.ibiz.api.service.BizChanceService - Call Service : com.ibiz.api.service.BizChanceService.insertBizChanceActivity
[2020-06-23 14:08:47:1283152][http-nio-7300-exec-3] INFO  c.i.a.c.BizChanceController - Call Controller : com.ibiz.api.controller.BizChanceController.selectBizChanceActivityList
[2020-06-23 14:08:47:1283153][http-nio-7300-exec-3] INFO  c.ibiz.api.service.BizChanceService - Call Service : com.ibiz.api.service.BizChanceService.selectBizChanceActivityList
[2020-06-23 14:08:49:1285200][http-nio-7300-exec-4] INFO  c.i.a.c.BizChanceController - Call Controller : com.ibiz.api.controller.BizChanceController.insertBizChanceActivity
[2020-06-23 14:08:49:1285203][http-nio-7300-exec-4] INFO  c.ibiz.api.service.BizChanceService - Call Service : com.ibiz.api.service.BizChanceService.insertBizChanceActivity
[2020-06-23 14:08:49:1285231][http-nio-7300-exec-7] INFO  c.i.a.c.BizChanceController - Call Controller : com.ibiz.api.controller.BizChanceController.selectBizChanceActivityList
[2020-06-23 14:08:49:1285233][http-nio-7300-exec-7] INFO  c.ibiz.api.service.BizChanceService - Call Service : com.ibiz.api.service.BizChanceService.selectBizChanceActivityList
[2020-06-23 14:08:52:1288306][http-nio-7300-exec-5] INFO  c.i.a.c.BizChanceController - Call Controller : com.ibiz.api.controller.BizChanceController.updateBizChanceActivity
[2020-06-23 14:08:52:1288309][http-nio-7300-exec-5] INFO  c.ibiz.api.service.BizChanceService - Call Service : com.ibiz.api.service.BizChanceService.updateBizChanceActivity
[2020-06-23 14:08:52:1288332][http-nio-7300-exec-6] INFO  c.i.a.c.BizChanceController - Call Controller : com.ibiz.api.controller.BizChanceController.selectBizChanceActivityList
[2020-06-23 14:08:52:1288333][http-nio-7300-exec-6] INFO  c.ibiz.api.service.BizChanceService - Call Service : com.ibiz.api.service.BizChanceService.selectBizChanceActivityList
[2020-06-23 14:08:58:1293555][http-nio-7300-exec-10] INFO  c.i.a.c.BizChanceController - Call Controller : com.ibiz.api.controller.BizChanceController.deleteBizChanceActivity
[2020-06-23 14:08:58:1293558][http-nio-7300-exec-10] INFO  c.ibiz.api.service.BizChanceService - Call Service : com.ibiz.api.service.BizChanceService.deleteBizChanceActivity
[2020-06-23 14:08:58:1293578][http-nio-7300-exec-9] INFO  c.i.a.c.BizChanceController - Call Controller : com.ibiz.api.controller.BizChanceController.selectBizChanceActivityList
[2020-06-23 14:08:58:1293579][http-nio-7300-exec-9] INFO  c.ibiz.api.service.BizChanceService - Call Service : com.ibiz.api.service.BizChanceService.selectBizChanceActivityList
[2020-06-23 14:09:00:1296147][http-nio-7300-exec-8] INFO  c.i.a.c.BizChanceController - Call Controller : com.ibiz.api.controller.BizChanceController.deleteBizChanceActivity
[2020-06-23 14:09:00:1296150][http-nio-7300-exec-8] INFO  c.ibiz.api.service.BizChanceService - Call Service : com.ibiz.api.service.BizChanceService.deleteBizChanceActivity
[2020-06-23 14:09:00:1296168][http-nio-7300-exec-1] INFO  c.i.a.c.BizChanceController - Call Controller : com.ibiz.api.controller.BizChanceController.selectBizChanceActivityList
[2020-06-23 14:09:00:1296169][http-nio-7300-exec-1] INFO  c.ibiz.api.service.BizChanceService - Call Service : com.ibiz.api.service.BizChanceService.selectBizChanceActivityList
[2020-06-23 14:09:04:1300229][http-nio-7300-exec-2] INFO  c.i.a.c.BizChanceController - Call Controller : com.ibiz.api.controller.BizChanceController.deleteBizChance
[2020-06-23 14:09:04:1300233][http-nio-7300-exec-2] INFO  c.ibiz.api.service.BizChanceService - Call Service : com.ibiz.api.service.BizChanceService.deleteBizChance
[2020-06-23 14:09:05:1301410][http-nio-7300-exec-3] INFO  c.i.a.c.BizChanceController - Call Controller : com.ibiz.api.controller.BizChanceController.selectBizChanceList
[2020-06-23 14:09:05:1301413][http-nio-7300-exec-3] INFO  c.ibiz.api.service.BizChanceService - Call Service : com.ibiz.api.service.BizChanceService.selectBizChanceList
[2020-06-23 14:09:10:1305839][http-nio-7300-exec-4] INFO  c.i.a.c.BizChanceController - Call Controller : com.ibiz.api.controller.BizChanceController.selectBizChanceList
[2020-06-23 14:09:10:1305843][http-nio-7300-exec-4] INFO  c.ibiz.api.service.BizChanceService - Call Service : com.ibiz.api.service.BizChanceService.selectBizChanceList
[2020-06-23 14:09:19:1314655][http-nio-7300-exec-7] INFO  c.i.a.c.BizChanceController - Call Controller : com.ibiz.api.controller.BizChanceController.selectBizChanceList
[2020-06-23 14:09:19:1314662][http-nio-7300-exec-7] INFO  c.ibiz.api.service.BizChanceService - Call Service : com.ibiz.api.service.BizChanceService.selectBizChanceList
[2020-06-23 14:09:21:1317107][http-nio-7300-exec-5] INFO  c.i.a.c.BizChanceController - Call Controller : com.ibiz.api.controller.BizChanceController.selectBizChanceList
[2020-06-23 14:09:21:1317110][http-nio-7300-exec-5] INFO  c.ibiz.api.service.BizChanceService - Call Service : com.ibiz.api.service.BizChanceService.selectBizChanceList
[2020-06-23 14:09:27:1322529][http-nio-7300-exec-6] INFO  c.i.a.c.BizChanceController - Call Controller : com.ibiz.api.controller.BizChanceController.selectBizChanceList
[2020-06-23 14:09:27:1322532][http-nio-7300-exec-6] INFO  c.ibiz.api.service.BizChanceService - Call Service : com.ibiz.api.service.BizChanceService.selectBizChanceList
[2020-06-23 14:09:29:1325186][http-nio-7300-exec-10] INFO  c.i.a.c.BizChanceController - Call Controller : com.ibiz.api.controller.BizChanceController.selectBizChanceSalesEmpList
[2020-06-23 14:09:29:1325199][http-nio-7300-exec-10] INFO  c.ibiz.api.service.BizChanceService - Call Service : com.ibiz.api.service.BizChanceService.selectBizChanceSalesEmpList
[2020-06-23 14:09:40:1336294][http-nio-7300-exec-9] INFO  c.i.a.c.BizChanceController - Call Controller : com.ibiz.api.controller.BizChanceController.updateBizChanceSalesEmp
[2020-06-23 14:09:40:1336300][http-nio-7300-exec-9] INFO  c.ibiz.api.service.BizChanceService - Call Service : com.ibiz.api.service.BizChanceService.updateBizChanceSalesEmp
[2020-06-23 14:09:40:1336346][http-nio-7300-exec-8] INFO  c.i.a.c.BizChanceController - Call Controller : com.ibiz.api.controller.BizChanceController.selectBizChanceSalesEmpList
[2020-06-23 14:09:40:1336348][http-nio-7300-exec-8] INFO  c.ibiz.api.service.BizChanceService - Call Service : com.ibiz.api.service.BizChanceService.selectBizChanceSalesEmpList
[2020-06-23 14:09:44:1339905][http-nio-7300-exec-1] INFO  c.i.a.c.BizChanceController - Call Controller : com.ibiz.api.controller.BizChanceController.selectBizChanceView
[2020-06-23 14:09:44:1339911][http-nio-7300-exec-1] INFO  c.ibiz.api.service.BizChanceService - Call Service : com.ibiz.api.service.BizChanceService.selectBizChanceView
[2020-06-23 14:09:44:1339990][http-nio-7300-exec-2] INFO  c.i.a.c.BizChanceController - Call Controller : com.ibiz.api.controller.BizChanceController.selectBizChanceRelList
[2020-06-23 14:09:44:1339992][http-nio-7300-exec-2] INFO  c.ibiz.api.service.BizChanceService - Call Service : com.ibiz.api.service.BizChanceService.selectBizChanceRelList
[2020-06-23 14:09:44:1340009][http-nio-7300-exec-3] INFO  c.i.a.c.BizChanceController - Call Controller : com.ibiz.api.controller.BizChanceController.selectRlvnOfferProfitList
[2020-06-23 14:09:44:1340011][http-nio-7300-exec-3] INFO  c.ibiz.api.service.BizChanceService - Call Service : com.ibiz.api.service.BizChanceService.selectRlvnOfferProfitList
[2020-06-23 14:09:44:1340031][http-nio-7300-exec-4] INFO  c.i.a.c.BizChanceController - Call Controller : com.ibiz.api.controller.BizChanceController.selectBizChanceActivityList
[2020-06-23 14:09:44:1340032][http-nio-7300-exec-4] INFO  c.ibiz.api.service.BizChanceService - Call Service : com.ibiz.api.service.BizChanceService.selectBizChanceActivityList
[2020-06-23 14:09:54:1349899][http-nio-7300-exec-7] INFO  c.i.a.c.BizChanceController - Call Controller : com.ibiz.api.controller.BizChanceController.updateBizChanceSalesEmp
[2020-06-23 14:09:54:1349906][http-nio-7300-exec-7] INFO  c.ibiz.api.service.BizChanceService - Call Service : com.ibiz.api.service.BizChanceService.updateBizChanceSalesEmp
[2020-06-23 14:09:54:1349966][http-nio-7300-exec-5] INFO  c.i.a.c.BizChanceController - Call Controller : com.ibiz.api.controller.BizChanceController.selectBizChanceSalesEmpList
[2020-06-23 14:09:54:1349971][http-nio-7300-exec-5] INFO  c.ibiz.api.service.BizChanceService - Call Service : com.ibiz.api.service.BizChanceService.selectBizChanceSalesEmpList
[2020-06-23 14:10:05:1361238][http-nio-7300-exec-6] INFO  c.i.a.c.BizChanceController - Call Controller : com.ibiz.api.controller.BizChanceController.selectBizChanceList
[2020-06-23 14:10:05:1361242][http-nio-7300-exec-6] INFO  c.ibiz.api.service.BizChanceService - Call Service : com.ibiz.api.service.BizChanceService.selectBizChanceList
[2020-06-23 14:10:20:1376209][http-nio-7300-exec-10] INFO  c.i.a.c.BizChanceController - Call Controller : com.ibiz.api.controller.BizChanceController.selectBizChanceList
[2020-06-23 14:10:20:1376212][http-nio-7300-exec-10] INFO  c.ibiz.api.service.BizChanceService - Call Service : com.ibiz.api.service.BizChanceService.selectBizChanceList
[2020-06-23 14:10:24:1379724][http-nio-7300-exec-9] INFO  c.i.a.c.BizChanceController - Call Controller : com.ibiz.api.controller.BizChanceController.selectBizChanceHistoryList
[2020-06-23 14:10:24:1379728][http-nio-7300-exec-9] INFO  c.ibiz.api.service.BizChanceService - Call Service : com.ibiz.api.service.BizChanceService.selectBizChanceHistoryList
[2020-06-23 14:10:33:1388808][http-nio-7300-exec-8] INFO  c.i.a.c.BizChanceController - Call Controller : com.ibiz.api.controller.BizChanceController.selectBizChanceHistoryList
[2020-06-23 14:10:33:1388813][http-nio-7300-exec-8] INFO  c.ibiz.api.service.BizChanceService - Call Service : com.ibiz.api.service.BizChanceService.selectBizChanceHistoryList
[2020-06-23 14:11:00:1416362][http-nio-7300-exec-1] INFO  c.i.a.c.BizChanceController - Call Controller : com.ibiz.api.controller.BizChanceController.selectBizChanceHistoryList
[2020-06-23 14:11:00:1416365][http-nio-7300-exec-1] INFO  c.ibiz.api.service.BizChanceService - Call Service : com.ibiz.api.service.BizChanceService.selectBizChanceHistoryList
[2020-06-23 14:11:18:1434358][http-nio-7300-exec-2] INFO  c.i.a.c.BizChanceController - Call Controller : com.ibiz.api.controller.BizChanceController.selectBizChanceHistoryList
[2020-06-23 14:11:18:1434362][http-nio-7300-exec-2] INFO  c.ibiz.api.service.BizChanceService - Call Service : com.ibiz.api.service.BizChanceService.selectBizChanceHistoryList
[2020-06-23 14:12:40:1516183][AsyncResolver-bootstrap-executor-0] INFO  c.n.d.s.r.aws.ConfigClusterResolver - Resolving eureka endpoints via configuration
[2020-06-23 14:17:40:1816185][AsyncResolver-bootstrap-executor-0] INFO  c.n.d.s.r.aws.ConfigClusterResolver - Resolving eureka endpoints via configuration
[2020-06-23 14:22:40:2116186][AsyncResolver-bootstrap-executor-0] INFO  c.n.d.s.r.aws.ConfigClusterResolver - Resolving eureka endpoints via configuration
[2020-06-23 14:23:30:2165569][http-nio-7300-exec-3] INFO  c.i.a.c.BizChanceController - Call Controller : com.ibiz.api.controller.BizChanceController.selectBizChanceHistoryList
[2020-06-23 14:23:30:2165573][http-nio-7300-exec-3] INFO  c.ibiz.api.service.BizChanceService - Call Service : com.ibiz.api.service.BizChanceService.selectBizChanceHistoryList
[2020-06-23 14:23:35:2170936][http-nio-7300-exec-4] INFO  c.i.a.c.BizChanceController - Call Controller : com.ibiz.api.controller.BizChanceController.selectBizChanceHistoryList
[2020-06-23 14:23:35:2170940][http-nio-7300-exec-4] INFO  c.ibiz.api.service.BizChanceService - Call Service : com.ibiz.api.service.BizChanceService.selectBizChanceHistoryList
[2020-06-23 14:27:40:2416188][AsyncResolver-bootstrap-executor-0] INFO  c.n.d.s.r.aws.ConfigClusterResolver - Resolving eureka endpoints via configuration
[2020-06-23 14:28:05:2440746][http-nio-7300-exec-5] INFO  c.i.a.c.BizChanceController - Call Controller : com.ibiz.api.controller.BizChanceController.selectBizChanceHistoryList
[2020-06-23 14:28:05:2440749][http-nio-7300-exec-5] INFO  c.ibiz.api.service.BizChanceService - Call Service : com.ibiz.api.service.BizChanceService.selectBizChanceHistoryList
[2020-06-23 14:28:09:2445014][http-nio-7300-exec-6] INFO  c.i.a.c.BizChanceController - Call Controller : com.ibiz.api.controller.BizChanceController.selectBizChanceHistoryList
[2020-06-23 14:28:09:2445018][http-nio-7300-exec-6] INFO  c.ibiz.api.service.BizChanceService - Call Service : com.ibiz.api.service.BizChanceService.selectBizChanceHistoryList
[2020-06-23 14:28:12:2448228][http-nio-7300-exec-10] INFO  c.i.a.c.BizChanceController - Call Controller : com.ibiz.api.controller.BizChanceController.selectBizChanceHistoryList
[2020-06-23 14:28:12:2448238][http-nio-7300-exec-10] INFO  c.ibiz.api.service.BizChanceService - Call Service : com.ibiz.api.service.BizChanceService.selectBizChanceHistoryList
[2020-06-23 14:28:16:2452039][http-nio-7300-exec-9] INFO  c.i.a.c.BizChanceController - Call Controller : com.ibiz.api.controller.BizChanceController.selectBizChanceView
[2020-06-23 14:28:16:2452043][http-nio-7300-exec-9] INFO  c.ibiz.api.service.BizChanceService - Call Service : com.ibiz.api.service.BizChanceService.selectBizChanceView
[2020-06-23 14:28:16:2452158][http-nio-7300-exec-8] INFO  c.i.a.c.BizChanceController - Call Controller : com.ibiz.api.controller.BizChanceController.selectBizChanceRelList
[2020-06-23 14:28:16:2452160][http-nio-7300-exec-8] INFO  c.ibiz.api.service.BizChanceService - Call Service : com.ibiz.api.service.BizChanceService.selectBizChanceRelList
[2020-06-23 14:28:16:2452198][http-nio-7300-exec-1] INFO  c.i.a.c.BizChanceController - Call Controller : com.ibiz.api.controller.BizChanceController.selectRlvnOfferProfitList
[2020-06-23 14:28:16:2452199][http-nio-7300-exec-1] INFO  c.ibiz.api.service.BizChanceService - Call Service : com.ibiz.api.service.BizChanceService.selectRlvnOfferProfitList
[2020-06-23 14:28:16:2452225][http-nio-7300-exec-2] INFO  c.i.a.c.BizChanceController - Call Controller : com.ibiz.api.controller.BizChanceController.selectBizChanceActivityList
[2020-06-23 14:28:16:2452227][http-nio-7300-exec-2] INFO  c.ibiz.api.service.BizChanceService - Call Service : com.ibiz.api.service.BizChanceService.selectBizChanceActivityList
[2020-06-23 14:28:23:2459149][http-nio-7300-exec-3] INFO  c.i.a.c.BizChanceController - Call Controller : com.ibiz.api.controller.BizChanceController.deleteBizChanceActivity
[2020-06-23 14:28:23:2459152][http-nio-7300-exec-3] INFO  c.ibiz.api.service.BizChanceService - Call Service : com.ibiz.api.service.BizChanceService.deleteBizChanceActivity
[2020-06-23 14:28:23:2459167][http-nio-7300-exec-4] INFO  c.i.a.c.BizChanceController - Call Controller : com.ibiz.api.controller.BizChanceController.selectBizChanceActivityList
[2020-06-23 14:28:23:2459168][http-nio-7300-exec-4] INFO  c.ibiz.api.service.BizChanceService - Call Service : com.ibiz.api.service.BizChanceService.selectBizChanceActivityList
[2020-06-23 14:28:26:2461778][http-nio-7300-exec-7] INFO  c.i.a.c.BizChanceController - Call Controller : com.ibiz.api.controller.BizChanceController.selectBizChanceView
[2020-06-23 14:28:26:2461782][http-nio-7300-exec-7] INFO  c.ibiz.api.service.BizChanceService - Call Service : com.ibiz.api.service.BizChanceService.selectBizChanceView
[2020-06-23 14:28:26:2461857][http-nio-7300-exec-5] INFO  c.i.a.c.BizChanceController - Call Controller : com.ibiz.api.controller.BizChanceController.selectBizChanceRelList
[2020-06-23 14:28:26:2461859][http-nio-7300-exec-5] INFO  c.ibiz.api.service.BizChanceService - Call Service : com.ibiz.api.service.BizChanceService.selectBizChanceRelList
[2020-06-23 14:28:26:2461880][http-nio-7300-exec-6] INFO  c.i.a.c.BizChanceController - Call Controller : com.ibiz.api.controller.BizChanceController.selectRlvnOfferProfitList
[2020-06-23 14:28:26:2461881][http-nio-7300-exec-6] INFO  c.ibiz.api.service.BizChanceService - Call Service : com.ibiz.api.service.BizChanceService.selectRlvnOfferProfitList
[2020-06-23 14:28:26:2461897][http-nio-7300-exec-10] INFO  c.i.a.c.BizChanceController - Call Controller : com.ibiz.api.controller.BizChanceController.selectBizChanceActivityList
[2020-06-23 14:28:26:2461898][http-nio-7300-exec-10] INFO  c.ibiz.api.service.BizChanceService - Call Service : com.ibiz.api.service.BizChanceService.selectBizChanceActivityList
[2020-06-23 14:28:29:2465144][http-nio-7300-exec-9] INFO  c.i.a.c.BizChanceController - Call Controller : com.ibiz.api.controller.BizChanceController.selectBizChanceView
[2020-06-23 14:28:29:2465148][http-nio-7300-exec-9] INFO  c.ibiz.api.service.BizChanceService - Call Service : com.ibiz.api.service.BizChanceService.selectBizChanceView
[2020-06-23 14:28:29:2465230][http-nio-7300-exec-8] INFO  c.i.a.c.BizChanceController - Call Controller : com.ibiz.api.controller.BizChanceController.selectBizChanceRelList
[2020-06-23 14:28:29:2465232][http-nio-7300-exec-8] INFO  c.ibiz.api.service.BizChanceService - Call Service : com.ibiz.api.service.BizChanceService.selectBizChanceRelList
[2020-06-23 14:28:29:2465276][http-nio-7300-exec-1] INFO  c.i.a.c.BizChanceController - Call Controller : com.ibiz.api.controller.BizChanceController.selectRlvnOfferProfitList
[2020-06-23 14:28:29:2465278][http-nio-7300-exec-1] INFO  c.ibiz.api.service.BizChanceService - Call Service : com.ibiz.api.service.BizChanceService.selectRlvnOfferProfitList
[2020-06-23 14:28:29:2465306][http-nio-7300-exec-2] INFO  c.i.a.c.BizChanceController - Call Controller : com.ibiz.api.controller.BizChanceController.selectBizChanceActivityList
[2020-06-23 14:28:29:2465307][http-nio-7300-exec-2] INFO  c.ibiz.api.service.BizChanceService - Call Service : com.ibiz.api.service.BizChanceService.selectBizChanceActivityList
[2020-06-23 14:28:32:2467606][http-nio-7300-exec-3] INFO  c.i.a.c.BizChanceController - Call Controller : com.ibiz.api.controller.BizChanceController.selectBizChanceView
[2020-06-23 14:28:32:2467616][http-nio-7300-exec-3] INFO  c.ibiz.api.service.BizChanceService - Call Service : com.ibiz.api.service.BizChanceService.selectBizChanceView
[2020-06-23 14:28:32:2467700][http-nio-7300-exec-4] INFO  c.i.a.c.BizChanceController - Call Controller : com.ibiz.api.controller.BizChanceController.selectBizChanceRelList
[2020-06-23 14:28:32:2467702][http-nio-7300-exec-4] INFO  c.ibiz.api.service.BizChanceService - Call Service : com.ibiz.api.service.BizChanceService.selectBizChanceRelList
[2020-06-23 14:28:32:2467724][http-nio-7300-exec-7] INFO  c.i.a.c.BizChanceController - Call Controller : com.ibiz.api.controller.BizChanceController.selectRlvnOfferProfitList
[2020-06-23 14:28:32:2467726][http-nio-7300-exec-7] INFO  c.ibiz.api.service.BizChanceService - Call Service : com.ibiz.api.service.BizChanceService.selectRlvnOfferProfitList
[2020-06-23 14:28:32:2467741][http-nio-7300-exec-5] INFO  c.i.a.c.BizChanceController - Call Controller : com.ibiz.api.controller.BizChanceController.selectBizChanceActivityList
[2020-06-23 14:28:32:2467743][http-nio-7300-exec-5] INFO  c.ibiz.api.service.BizChanceService - Call Service : com.ibiz.api.service.BizChanceService.selectBizChanceActivityList
[2020-06-23 14:28:35:2470938][http-nio-7300-exec-6] INFO  c.i.a.c.BizChanceController - Call Controller : com.ibiz.api.controller.BizChanceController.selectBizChanceHistoryList
[2020-06-23 14:28:35:2470942][http-nio-7300-exec-6] INFO  c.ibiz.api.service.BizChanceService - Call Service : com.ibiz.api.service.BizChanceService.selectBizChanceHistoryList
[2020-06-23 14:32:40:2716189][AsyncResolver-bootstrap-executor-0] INFO  c.n.d.s.r.aws.ConfigClusterResolver - Resolving eureka endpoints via configuration
[2020-06-23 14:37:40:3016191][AsyncResolver-bootstrap-executor-0] INFO  c.n.d.s.r.aws.ConfigClusterResolver - Resolving eureka endpoints via configuration
[2020-06-23 14:42:40:3316194][AsyncResolver-bootstrap-executor-0] INFO  c.n.d.s.r.aws.ConfigClusterResolver - Resolving eureka endpoints via configuration
[2020-06-23 14:47:40:3616196][AsyncResolver-bootstrap-executor-0] INFO  c.n.d.s.r.aws.ConfigClusterResolver - Resolving eureka endpoints via configuration
[2020-06-23 14:52:40:3916198][AsyncResolver-bootstrap-executor-0] INFO  c.n.d.s.r.aws.ConfigClusterResolver - Resolving eureka endpoints via configuration
[2020-06-23 14:57:40:4216199][AsyncResolver-bootstrap-executor-0] INFO  c.n.d.s.r.aws.ConfigClusterResolver - Resolving eureka endpoints via configuration
