[2020-05-06 14:20:59:1112][main] INFO  o.s.c.s.PostProcessorRegistrationDelegate$BeanPostProcessorChecker - Bean 'org.springframework.cloud.autoconfigure.ConfigurationPropertiesRebinderAutoConfiguration' of type [org.springframework.cloud.autoconfigure.ConfigurationPropertiesRebinderAutoConfiguration$$EnhancerBySpringCGLIB$$57acc2d8] is not eligible for getting processed by all BeanPostProcessors (for example: not eligible for auto-proxying)
[2020-05-06 14:20:59:1399][main] INFO  com.ibiz.api.ApiApplication - No active profile set, falling back to default profiles: default
[2020-05-06 14:21:01:3086][main] INFO  o.s.d.r.c.RepositoryConfigurationDelegate - Multiple Spring Data modules found, entering strict repository configuration mode!
[2020-05-06 14:21:01:3090][main] INFO  o.s.d.r.c.RepositoryConfigurationDelegate - Bootstrapping Spring Data repositories in DEFAULT mode.
[2020-05-06 14:21:01:3224][main] INFO  o.s.d.r.c.RepositoryConfigurationDelegate - Finished Spring Data repository scanning in 117ms. Found 0 repository interfaces.
[2020-05-06 14:21:01:3349][main] WARN  o.s.b.actuate.endpoint.EndpointId - Endpoint ID 'service-registry' contains invalid characters, please migrate to a valid format.
[2020-05-06 14:21:01:3540][main] WARN  o.m.s.mapper.ClassPathMapperScanner - No MyBatis mapper was found in '[com.ibiz.api]' package. Please check your configuration.
[2020-05-06 14:21:01:3608][main] INFO  o.s.c.context.scope.GenericScope - BeanFactory id=b8ee4058-d402-34c0-97c5-f04cf43b0a60
[2020-05-06 14:21:01:3725][main] INFO  o.s.c.s.PostProcessorRegistrationDelegate$BeanPostProcessorChecker - Bean 'org.springframework.ws.config.annotation.DelegatingWsConfiguration' of type [org.springframework.ws.config.annotation.DelegatingWsConfiguration$$EnhancerBySpringCGLIB$$e02a84da] is not eligible for getting processed by all BeanPostProcessors (for example: not eligible for auto-proxying)
[2020-05-06 14:21:01:3755][main] INFO  o.s.w.s.a.s.AnnotationActionEndpointMapping - Supporting [WS-Addressing August 2004, WS-Addressing 1.0]
[2020-05-06 14:21:01:3769][main] INFO  o.s.c.s.PostProcessorRegistrationDelegate$BeanPostProcessorChecker - Bean 'org.springframework.transaction.annotation.ProxyTransactionManagementConfiguration' of type [org.springframework.transaction.annotation.ProxyTransactionManagementConfiguration] is not eligible for getting processed by all BeanPostProcessors (for example: not eligible for auto-proxying)
[2020-05-06 14:21:01:3834][main] INFO  o.s.c.s.PostProcessorRegistrationDelegate$BeanPostProcessorChecker - Bean 'org.springframework.cloud.autoconfigure.ConfigurationPropertiesRebinderAutoConfiguration' of type [org.springframework.cloud.autoconfigure.ConfigurationPropertiesRebinderAutoConfiguration$$EnhancerBySpringCGLIB$$57acc2d8] is not eligible for getting processed by all BeanPostProcessors (for example: not eligible for auto-proxying)
[2020-05-06 14:21:02:4048][main] INFO  o.s.b.w.e.tomcat.TomcatWebServer - Tomcat initialized with port(s): 7301 (http)
[2020-05-06 14:21:02:4057][main] INFO  o.a.coyote.http11.Http11NioProtocol - Initializing ProtocolHandler ["http-nio-7301"]
[2020-05-06 14:21:02:4058][main] INFO  o.a.catalina.core.StandardService - Starting service [Tomcat]
[2020-05-06 14:21:02:4058][main] INFO  o.a.catalina.core.StandardEngine - Starting Servlet engine: [Apache Tomcat/9.0.27]
[2020-05-06 14:21:02:4276][main] INFO  o.a.c.c.C.[Tomcat].[localhost].[/] - Initializing Spring embedded WebApplicationContext
[2020-05-06 14:21:02:4276][main] INFO  o.s.web.context.ContextLoader - Root WebApplicationContext: initialization completed in 2863 ms
[2020-05-06 14:21:02:4276][main] INFO  o.s.web.context.ContextLoader - Root WebApplicationContext: initialization completed in 2863 ms
[2020-05-06 14:21:02:4374][main] WARN  c.n.c.s.URLConfigurationSource - No URLs will be polled as dynamic configuration sources.
[2020-05-06 14:21:02:4375][main] INFO  c.n.c.s.URLConfigurationSource - To enable URLs as dynamic configuration sources, define System property archaius.configurationSource.additionalUrls or make config.properties available on classpath.
[2020-05-06 14:21:02:4385][main] INFO  c.n.config.DynamicPropertyFactory - DynamicPropertyFactory is initialized with configuration sources: com.netflix.config.ConcurrentCompositeConfiguration@4602f874
[2020-05-06 14:21:03:5889][main] WARN  c.n.c.s.URLConfigurationSource - No URLs will be polled as dynamic configuration sources.
[2020-05-06 14:21:03:5889][main] INFO  c.n.c.s.URLConfigurationSource - To enable URLs as dynamic configuration sources, define System property archaius.configurationSource.additionalUrls or make config.properties available on classpath.
[2020-05-06 14:21:04:6397][main] WARN  o.s.c.l.c.BlockingLoadBalancerClientAutoConfiguration$BlockingLoadBalancerClientRibbonWarnLogger - You already have RibbonLoadBalancerClient on your classpath. It will be used by default. As Spring Cloud Ribbon is in maintenance mode. We recommend switching to BlockingLoadBalancerClient instead. In order to use it, set the value of `spring.cloud.loadbalancer.ribbon.enabled` to `false` or remove spring-cloud-starter-netflix-ribbon from your project.
[2020-05-06 14:21:04:6452][main] INFO  o.s.b.a.e.web.EndpointLinksResolver - Exposing 18 endpoint(s) beneath base path '/actuator'
[2020-05-06 14:21:04:6536][main] INFO  o.s.c.n.eureka.InstanceInfoFactory - Setting initial instance status as: STARTING
[2020-05-06 14:21:04:6574][main] INFO  c.netflix.discovery.DiscoveryClient - Initializing Eureka in region us-east-1
[2020-05-06 14:21:04:6712][main] INFO  c.n.d.p.DiscoveryJerseyProvider - Using JSON encoding codec LegacyJacksonJson
[2020-05-06 14:21:04:6712][main] INFO  c.n.d.p.DiscoveryJerseyProvider - Using JSON decoding codec LegacyJacksonJson
[2020-05-06 14:21:04:6835][main] INFO  c.n.d.p.DiscoveryJerseyProvider - Using XML encoding codec XStreamXml
[2020-05-06 14:21:04:6835][main] INFO  c.n.d.p.DiscoveryJerseyProvider - Using XML decoding codec XStreamXml
[2020-05-06 14:21:04:6995][main] INFO  c.n.d.s.r.aws.ConfigClusterResolver - Resolving eureka endpoints via configuration
[2020-05-06 14:21:05:7064][main] INFO  c.netflix.discovery.DiscoveryClient - Disable delta property : false
[2020-05-06 14:21:05:7064][main] INFO  c.netflix.discovery.DiscoveryClient - Single vip registry refresh property : null
[2020-05-06 14:21:05:7064][main] INFO  c.netflix.discovery.DiscoveryClient - Force full registry fetch : false
[2020-05-06 14:21:05:7064][main] INFO  c.netflix.discovery.DiscoveryClient - Application is null : false
[2020-05-06 14:21:05:7064][main] INFO  c.netflix.discovery.DiscoveryClient - Registered Applications size is zero : true
[2020-05-06 14:21:05:7064][main] INFO  c.netflix.discovery.DiscoveryClient - Application version is -1: true
[2020-05-06 14:21:05:7064][main] INFO  c.netflix.discovery.DiscoveryClient - Getting all instance registry info from the eureka server
[2020-05-06 14:21:05:7305][main] INFO  c.netflix.discovery.DiscoveryClient - The response status is 200
[2020-05-06 14:21:05:7308][main] INFO  c.netflix.discovery.DiscoveryClient - Starting heartbeat executor: renew interval is: 30
[2020-05-06 14:21:05:7312][main] INFO  c.n.d.InstanceInfoReplicator - InstanceInfoReplicator onDemand update allowed rate per min is 4
[2020-05-06 14:21:05:7318][main] INFO  c.netflix.discovery.DiscoveryClient - Discovery Client initialized at timestamp 1588742465270 with initial instances count: 2
[2020-05-06 14:21:05:7323][main] INFO  o.s.c.n.e.s.EurekaServiceRegistry - Registering application IBIZ-SALES-ACT with eureka with status UP
[2020-05-06 14:21:05:7324][main] INFO  c.netflix.discovery.DiscoveryClient - Saw local status change event StatusChangeEvent [timestamp=1588742465277, current=UP, previous=STARTING]
[2020-05-06 14:21:05:7328][DiscoveryClient-InstanceInfoReplicator-0] INFO  c.netflix.discovery.DiscoveryClient - DiscoveryClient_IBIZ-SALES-ACT/sales-act-7301: registering service...
[2020-05-06 14:21:05:7354][main] INFO  o.a.coyote.http11.Http11NioProtocol - Starting ProtocolHandler ["http-nio-7301"]
[2020-05-06 14:21:05:7371][DiscoveryClient-InstanceInfoReplicator-0] INFO  c.netflix.discovery.DiscoveryClient - DiscoveryClient_IBIZ-SALES-ACT/sales-act-7301 - registration status: 204
[2020-05-06 14:21:05:7381][main] INFO  o.s.b.w.e.tomcat.TomcatWebServer - Tomcat started on port(s): 7301 (http) with context path ''
[2020-05-06 14:21:05:7382][main] INFO  o.s.c.n.e.s.EurekaAutoServiceRegistration - Updating port to 7301
[2020-05-06 14:21:05:7465][main] INFO  com.ibiz.api.ApiApplication - Started ApiApplication in 7.29 seconds (JVM running for 8.249)
[2020-05-06 14:21:05:7588][RMI TCP Connection(1)-192.168.19.17] INFO  o.a.c.c.C.[Tomcat].[localhost].[/] - Initializing Spring DispatcherServlet 'dispatcherServlet'
[2020-05-06 14:21:05:7588][RMI TCP Connection(1)-192.168.19.17] INFO  o.s.web.servlet.DispatcherServlet - Initializing Servlet 'dispatcherServlet'
[2020-05-06 14:21:05:7588][RMI TCP Connection(1)-192.168.19.17] INFO  o.s.web.servlet.DispatcherServlet - Initializing Servlet 'dispatcherServlet'
[2020-05-06 14:21:05:7596][RMI TCP Connection(1)-192.168.19.17] INFO  o.s.web.servlet.DispatcherServlet - Completed initialization in 8 ms
[2020-05-06 14:21:05:7596][RMI TCP Connection(1)-192.168.19.17] INFO  o.s.web.servlet.DispatcherServlet - Completed initialization in 8 ms
[2020-05-06 14:21:05:7742][RMI TCP Connection(4)-192.168.19.17] INFO  com.zaxxer.hikari.HikariDataSource - HikariPool-1 - Starting...
[2020-05-06 14:21:05:7944][RMI TCP Connection(4)-192.168.19.17] INFO  com.zaxxer.hikari.HikariDataSource - HikariPool-1 - Start completed.
[2020-05-06 14:21:06:8202][boundedElastic-1] INFO  io.lettuce.core.EpollProvider - Starting without optional epoll library
[2020-05-06 14:21:06:8204][boundedElastic-1] INFO  io.lettuce.core.KqueueProvider - Starting without optional kqueue library
[2020-05-06 14:22:14:76608][http-nio-7301-exec-1] INFO  c.i.a.c.ProjectBizOpptyController - Call Controller : com.ibiz.api.controller.ProjectBizOpptyController.selectBizChanceList
[2020-05-06 14:22:14:76638][http-nio-7301-exec-1] INFO  c.i.a.s.ProjectBizOpptyService - Call Service : com.ibiz.api.service.BizChanceService.selectBizChanceList
[2020-05-06 14:22:15:77927][http-nio-7301-exec-2] INFO  c.i.a.controller.EstimateController - Call Controller : com.ibiz.api.controller.EstimateController.selectOfferProfitList
[2020-05-06 14:22:15:77934][http-nio-7301-exec-2] INFO  c.i.api.service.EstimatePSService - Call Service : com.ibiz.api.service.EstimatePSService.selectOfferProfitList
[2020-05-06 14:22:20:82294][http-nio-7301-exec-3] INFO  c.i.a.controller.EstimateController - Call Controller : com.ibiz.api.controller.EstimateController.selectOfferProfitList
[2020-05-06 14:22:20:82297][http-nio-7301-exec-3] INFO  c.i.api.service.EstimatePSService - Call Service : com.ibiz.api.service.EstimatePSService.selectOfferProfitList
[2020-05-06 14:22:20:82306][http-nio-7301-exec-3] WARN  o.s.w.s.m.m.a.ExceptionHandlerExceptionResolver - Failure in @ExceptionHandler com.ibiz.api.exception.GlobalExceptionHandler#handleException(Exception)
java.lang.ClassCastException: class org.mybatis.spring.MyBatisSystemException cannot be cast to class java.util.function.Supplier (org.mybatis.spring.MyBatisSystemException is in unnamed module of loader 'app'; java.util.function.Supplier is in module java.base of loader 'bootstrap')
	at com.ibiz.api.exception.GlobalExceptionHandler.handleException(GlobalExceptionHandler.java:21)
	at java.base/jdk.internal.reflect.NativeMethodAccessorImpl.invoke0(Native Method)
	at java.base/jdk.internal.reflect.NativeMethodAccessorImpl.invoke(NativeMethodAccessorImpl.java:62)
	at java.base/jdk.internal.reflect.DelegatingMethodAccessorImpl.invoke(DelegatingMethodAccessorImpl.java:43)
	at java.base/java.lang.reflect.Method.invoke(Method.java:566)
	at org.springframework.web.method.support.InvocableHandlerMethod.doInvoke(InvocableHandlerMethod.java:190)
	at org.springframework.web.method.support.InvocableHandlerMethod.invokeForRequest(InvocableHandlerMethod.java:138)
	at org.springframework.web.servlet.mvc.method.annotation.ServletInvocableHandlerMethod.invokeAndHandle(ServletInvocableHandlerMethod.java:106)
	at org.springframework.web.servlet.mvc.method.annotation.ExceptionHandlerExceptionResolver.doResolveHandlerMethodException(ExceptionHandlerExceptionResolver.java:403)
	at org.springframework.web.servlet.handler.AbstractHandlerMethodExceptionResolver.doResolveException(AbstractHandlerMethodExceptionResolver.java:61)
	at org.springframework.web.servlet.handler.AbstractHandlerExceptionResolver.resolveException(AbstractHandlerExceptionResolver.java:141)
	at org.springframework.web.servlet.handler.HandlerExceptionResolverComposite.resolveException(HandlerExceptionResolverComposite.java:80)
	at org.springframework.web.servlet.DispatcherServlet.processHandlerException(DispatcherServlet.java:1300)
	at org.springframework.web.servlet.DispatcherServlet.processDispatchResult(DispatcherServlet.java:1111)
	at org.springframework.web.servlet.DispatcherServlet.doDispatch(DispatcherServlet.java:1057)
	at org.springframework.web.servlet.DispatcherServlet.doService(DispatcherServlet.java:943)
	at org.springframework.web.servlet.FrameworkServlet.processRequest(FrameworkServlet.java:1006)
	at org.springframework.web.servlet.FrameworkServlet.doPost(FrameworkServlet.java:909)
	at javax.servlet.http.HttpServlet.service(HttpServlet.java:660)
	at org.springframework.web.servlet.FrameworkServlet.service(FrameworkServlet.java:883)
	at javax.servlet.http.HttpServlet.service(HttpServlet.java:741)
	at org.apache.catalina.core.ApplicationFilterChain.internalDoFilter(ApplicationFilterChain.java:231)
	at org.apache.catalina.core.ApplicationFilterChain.doFilter(ApplicationFilterChain.java:166)
	at org.apache.tomcat.websocket.server.WsFilter.doFilter(WsFilter.java:53)
	at org.apache.catalina.core.ApplicationFilterChain.internalDoFilter(ApplicationFilterChain.java:193)
	at org.apache.catalina.core.ApplicationFilterChain.doFilter(ApplicationFilterChain.java:166)
	at org.springframework.boot.actuate.metrics.web.servlet.WebMvcMetricsFilter.doFilterInternal(WebMvcMetricsFilter.java:108)
	at org.springframework.web.filter.OncePerRequestFilter.doFilter(OncePerRequestFilter.java:119)
	at org.apache.catalina.core.ApplicationFilterChain.internalDoFilter(ApplicationFilterChain.java:193)
	at org.apache.catalina.core.ApplicationFilterChain.doFilter(ApplicationFilterChain.java:166)
	at org.springframework.web.filter.CharacterEncodingFilter.doFilterInternal(CharacterEncodingFilter.java:201)
	at org.springframework.web.filter.OncePerRequestFilter.doFilter(OncePerRequestFilter.java:119)
	at org.apache.catalina.core.ApplicationFilterChain.internalDoFilter(ApplicationFilterChain.java:193)
	at org.apache.catalina.core.ApplicationFilterChain.doFilter(ApplicationFilterChain.java:166)
	at org.apache.catalina.core.StandardWrapperValve.invoke(StandardWrapperValve.java:202)
	at org.apache.catalina.core.StandardContextValve.invoke(StandardContextValve.java:96)
	at org.apache.catalina.authenticator.AuthenticatorBase.invoke(AuthenticatorBase.java:526)
	at org.apache.catalina.core.StandardHostValve.invoke(StandardHostValve.java:139)
	at org.apache.catalina.valves.ErrorReportValve.invoke(ErrorReportValve.java:92)
	at org.apache.catalina.core.StandardEngineValve.invoke(StandardEngineValve.java:74)
	at org.apache.catalina.connector.CoyoteAdapter.service(CoyoteAdapter.java:343)
	at org.apache.coyote.http11.Http11Processor.service(Http11Processor.java:408)
	at org.apache.coyote.AbstractProcessorLight.process(AbstractProcessorLight.java:66)
	at org.apache.coyote.AbstractProtocol$ConnectionHandler.process(AbstractProtocol.java:861)
	at org.apache.tomcat.util.net.NioEndpoint$SocketProcessor.doRun(NioEndpoint.java:1579)
	at org.apache.tomcat.util.net.SocketProcessorBase.run(SocketProcessorBase.java:49)
	at java.base/java.util.concurrent.ThreadPoolExecutor.runWorker(ThreadPoolExecutor.java:1128)
	at java.base/java.util.concurrent.ThreadPoolExecutor$Worker.run(ThreadPoolExecutor.java:628)
	at org.apache.tomcat.util.threads.TaskThread$WrappingRunnable.run(TaskThread.java:61)
	at java.base/java.lang.Thread.run(Thread.java:834)
[2020-05-06 14:22:20:82306][http-nio-7301-exec-3] WARN  o.s.w.s.m.m.a.ExceptionHandlerExceptionResolver - Failure in @ExceptionHandler com.ibiz.api.exception.GlobalExceptionHandler#handleException(Exception)
java.lang.ClassCastException: class org.mybatis.spring.MyBatisSystemException cannot be cast to class java.util.function.Supplier (org.mybatis.spring.MyBatisSystemException is in unnamed module of loader 'app'; java.util.function.Supplier is in module java.base of loader 'bootstrap')
	at com.ibiz.api.exception.GlobalExceptionHandler.handleException(GlobalExceptionHandler.java:21)
	at java.base/jdk.internal.reflect.NativeMethodAccessorImpl.invoke0(Native Method)
	at java.base/jdk.internal.reflect.NativeMethodAccessorImpl.invoke(NativeMethodAccessorImpl.java:62)
	at java.base/jdk.internal.reflect.DelegatingMethodAccessorImpl.invoke(DelegatingMethodAccessorImpl.java:43)
	at java.base/java.lang.reflect.Method.invoke(Method.java:566)
	at org.springframework.web.method.support.InvocableHandlerMethod.doInvoke(InvocableHandlerMethod.java:190)
	at org.springframework.web.method.support.InvocableHandlerMethod.invokeForRequest(InvocableHandlerMethod.java:138)
	at org.springframework.web.servlet.mvc.method.annotation.ServletInvocableHandlerMethod.invokeAndHandle(ServletInvocableHandlerMethod.java:106)
	at org.springframework.web.servlet.mvc.method.annotation.ExceptionHandlerExceptionResolver.doResolveHandlerMethodException(ExceptionHandlerExceptionResolver.java:403)
	at org.springframework.web.servlet.handler.AbstractHandlerMethodExceptionResolver.doResolveException(AbstractHandlerMethodExceptionResolver.java:61)
	at org.springframework.web.servlet.handler.AbstractHandlerExceptionResolver.resolveException(AbstractHandlerExceptionResolver.java:141)
	at org.springframework.web.servlet.handler.HandlerExceptionResolverComposite.resolveException(HandlerExceptionResolverComposite.java:80)
	at org.springframework.web.servlet.DispatcherServlet.processHandlerException(DispatcherServlet.java:1300)
	at org.springframework.web.servlet.DispatcherServlet.processDispatchResult(DispatcherServlet.java:1111)
	at org.springframework.web.servlet.DispatcherServlet.doDispatch(DispatcherServlet.java:1057)
	at org.springframework.web.servlet.DispatcherServlet.doService(DispatcherServlet.java:943)
	at org.springframework.web.servlet.FrameworkServlet.processRequest(FrameworkServlet.java:1006)
	at org.springframework.web.servlet.FrameworkServlet.doPost(FrameworkServlet.java:909)
	at javax.servlet.http.HttpServlet.service(HttpServlet.java:660)
	at org.springframework.web.servlet.FrameworkServlet.service(FrameworkServlet.java:883)
	at javax.servlet.http.HttpServlet.service(HttpServlet.java:741)
	at org.apache.catalina.core.ApplicationFilterChain.internalDoFilter(ApplicationFilterChain.java:231)
	at org.apache.catalina.core.ApplicationFilterChain.doFilter(ApplicationFilterChain.java:166)
	at org.apache.tomcat.websocket.server.WsFilter.doFilter(WsFilter.java:53)
	at org.apache.catalina.core.ApplicationFilterChain.internalDoFilter(ApplicationFilterChain.java:193)
	at org.apache.catalina.core.ApplicationFilterChain.doFilter(ApplicationFilterChain.java:166)
	at org.springframework.boot.actuate.metrics.web.servlet.WebMvcMetricsFilter.doFilterInternal(WebMvcMetricsFilter.java:108)
	at org.springframework.web.filter.OncePerRequestFilter.doFilter(OncePerRequestFilter.java:119)
	at org.apache.catalina.core.ApplicationFilterChain.internalDoFilter(ApplicationFilterChain.java:193)
	at org.apache.catalina.core.ApplicationFilterChain.doFilter(ApplicationFilterChain.java:166)
	at org.springframework.web.filter.CharacterEncodingFilter.doFilterInternal(CharacterEncodingFilter.java:201)
	at org.springframework.web.filter.OncePerRequestFilter.doFilter(OncePerRequestFilter.java:119)
	at org.apache.catalina.core.ApplicationFilterChain.internalDoFilter(ApplicationFilterChain.java:193)
	at org.apache.catalina.core.ApplicationFilterChain.doFilter(ApplicationFilterChain.java:166)
	at org.apache.catalina.core.StandardWrapperValve.invoke(StandardWrapperValve.java:202)
	at org.apache.catalina.core.StandardContextValve.invoke(StandardContextValve.java:96)
	at org.apache.catalina.authenticator.AuthenticatorBase.invoke(AuthenticatorBase.java:526)
	at org.apache.catalina.core.StandardHostValve.invoke(StandardHostValve.java:139)
	at org.apache.catalina.valves.ErrorReportValve.invoke(ErrorReportValve.java:92)
	at org.apache.catalina.core.StandardEngineValve.invoke(StandardEngineValve.java:74)
	at org.apache.catalina.connector.CoyoteAdapter.service(CoyoteAdapter.java:343)
	at org.apache.coyote.http11.Http11Processor.service(Http11Processor.java:408)
	at org.apache.coyote.AbstractProcessorLight.process(AbstractProcessorLight.java:66)
	at org.apache.coyote.AbstractProtocol$ConnectionHandler.process(AbstractProtocol.java:861)
	at org.apache.tomcat.util.net.NioEndpoint$SocketProcessor.doRun(NioEndpoint.java:1579)
	at org.apache.tomcat.util.net.SocketProcessorBase.run(SocketProcessorBase.java:49)
	at java.base/java.util.concurrent.ThreadPoolExecutor.runWorker(ThreadPoolExecutor.java:1128)
	at java.base/java.util.concurrent.ThreadPoolExecutor$Worker.run(ThreadPoolExecutor.java:628)
	at org.apache.tomcat.util.threads.TaskThread$WrappingRunnable.run(TaskThread.java:61)
	at java.base/java.lang.Thread.run(Thread.java:834)
[2020-05-06 14:22:20:82313][http-nio-7301-exec-3] ERROR o.a.c.c.C.[.[.[.[dispatcherServlet] - Servlet.service() for servlet [dispatcherServlet] in context with path [] threw exception [Request processing failed; nested exception is org.mybatis.spring.MyBatisSystemException: nested exception is org.apache.ibatis.reflection.ReflectionException: There is no getter for property named 'pageSearchType' in 'class com.ibiz.api.model.FcstPalSearchVO'] with root cause
org.apache.ibatis.reflection.ReflectionException: There is no getter for property named 'pageSearchType' in 'class com.ibiz.api.model.FcstPalSearchVO'
	at org.apache.ibatis.reflection.Reflector.getGetInvoker(Reflector.java:373)
	at org.apache.ibatis.reflection.MetaClass.getGetInvoker(MetaClass.java:163)
	at org.apache.ibatis.reflection.wrapper.BeanWrapper.getBeanProperty(BeanWrapper.java:162)
	at org.apache.ibatis.reflection.wrapper.BeanWrapper.get(BeanWrapper.java:49)
	at org.apache.ibatis.reflection.MetaObject.getValue(MetaObject.java:122)
	at org.apache.ibatis.scripting.xmltags.DynamicContext$ContextMap.get(DynamicContext.java:102)
	at org.apache.ibatis.scripting.xmltags.DynamicContext$ContextAccessor.getProperty(DynamicContext.java:113)
	at org.apache.ibatis.ognl.OgnlRuntime.getProperty(OgnlRuntime.java:2719)
	at org.apache.ibatis.ognl.ASTProperty.getValueBody(ASTProperty.java:114)
	at org.apache.ibatis.ognl.SimpleNode.evaluateGetValueBody(SimpleNode.java:212)
	at org.apache.ibatis.ognl.SimpleNode.getValue(SimpleNode.java:258)
	at org.apache.ibatis.ognl.ASTEq.getValueBody(ASTEq.java:50)
	at org.apache.ibatis.ognl.SimpleNode.evaluateGetValueBody(SimpleNode.java:212)
	at org.apache.ibatis.ognl.SimpleNode.getValue(SimpleNode.java:258)
	at org.apache.ibatis.ognl.ASTAnd.getValueBody(ASTAnd.java:61)
	at org.apache.ibatis.ognl.SimpleNode.evaluateGetValueBody(SimpleNode.java:212)
	at org.apache.ibatis.ognl.SimpleNode.getValue(SimpleNode.java:258)
	at org.apache.ibatis.ognl.Ognl.getValue(Ognl.java:493)
	at org.apache.ibatis.ognl.Ognl.getValue(Ognl.java:457)
	at org.apache.ibatis.scripting.xmltags.OgnlCache.getValue(OgnlCache.java:46)
	at org.apache.ibatis.scripting.xmltags.ExpressionEvaluator.evaluateBoolean(ExpressionEvaluator.java:32)
	at org.apache.ibatis.scripting.xmltags.IfSqlNode.apply(IfSqlNode.java:34)
	at org.apache.ibatis.scripting.xmltags.MixedSqlNode.lambda$apply$0(MixedSqlNode.java:32)
	at java.base/java.util.ArrayList.forEach(ArrayList.java:1540)
	at org.apache.ibatis.scripting.xmltags.MixedSqlNode.apply(MixedSqlNode.java:32)
	at org.apache.ibatis.scripting.xmltags.DynamicSqlSource.getBoundSql(DynamicSqlSource.java:39)
	at org.apache.ibatis.mapping.MappedStatement.getBoundSql(MappedStatement.java:297)
	at org.apache.ibatis.executor.CachingExecutor.query(CachingExecutor.java:81)
	at org.apache.ibatis.session.defaults.DefaultSqlSession.selectList(DefaultSqlSession.java:147)
	at org.apache.ibatis.session.defaults.DefaultSqlSession.selectList(DefaultSqlSession.java:140)
	at java.base/jdk.internal.reflect.NativeMethodAccessorImpl.invoke0(Native Method)
	at java.base/jdk.internal.reflect.NativeMethodAccessorImpl.invoke(NativeMethodAccessorImpl.java:62)
	at java.base/jdk.internal.reflect.DelegatingMethodAccessorImpl.invoke(DelegatingMethodAccessorImpl.java:43)
	at java.base/java.lang.reflect.Method.invoke(Method.java:566)
	at org.mybatis.spring.SqlSessionTemplate$SqlSessionInterceptor.invoke(SqlSessionTemplate.java:426)
	at com.sun.proxy.$Proxy117.selectList(Unknown Source)
	at org.mybatis.spring.SqlSessionTemplate.selectList(SqlSessionTemplate.java:223)
	at com.ibiz.api.dao.OfferProfitDAO.selectOfferProfitList(offerProfitDAO.java:301)
	at com.ibiz.api.dao.OfferProfitDAO$$FastClassBySpringCGLIB$$f7829ce3.invoke(<generated>)
	at org.springframework.cglib.proxy.MethodProxy.invoke(MethodProxy.java:218)
	at org.springframework.aop.framework.CglibAopProxy$CglibMethodInvocation.invokeJoinpoint(CglibAopProxy.java:769)
	at org.springframework.aop.framework.ReflectiveMethodInvocation.proceed(ReflectiveMethodInvocation.java:163)
	at org.springframework.aop.framework.CglibAopProxy$CglibMethodInvocation.proceed(CglibAopProxy.java:747)
	at org.springframework.dao.support.PersistenceExceptionTranslationInterceptor.invoke(PersistenceExceptionTranslationInterceptor.java:139)
	at org.springframework.aop.framework.ReflectiveMethodInvocation.proceed(ReflectiveMethodInvocation.java:186)
	at org.springframework.aop.framework.CglibAopProxy$CglibMethodInvocation.proceed(CglibAopProxy.java:747)
	at org.springframework.aop.framework.CglibAopProxy$DynamicAdvisedInterceptor.intercept(CglibAopProxy.java:689)
	at com.ibiz.api.dao.OfferProfitDAO$$EnhancerBySpringCGLIB$$d1a0b4f.selectOfferProfitList(<generated>)
	at com.ibiz.api.service.EstimatePSService.selectOfferProfitList(EstimatePSService.java:425)
	at com.ibiz.api.service.EstimatePSService$$FastClassBySpringCGLIB$$d70c41c6.invoke(<generated>)
	at org.springframework.cglib.proxy.MethodProxy.invoke(MethodProxy.java:218)
	at org.springframework.aop.framework.CglibAopProxy$CglibMethodInvocation.invokeJoinpoint(CglibAopProxy.java:769)
	at org.springframework.aop.framework.ReflectiveMethodInvocation.proceed(ReflectiveMethodInvocation.java:163)
	at org.springframework.aop.framework.CglibAopProxy$CglibMethodInvocation.proceed(CglibAopProxy.java:747)
	at org.springframework.transaction.interceptor.TransactionAspectSupport.invokeWithinTransaction(TransactionAspectSupport.java:366)
	at org.springframework.transaction.interceptor.TransactionInterceptor.invoke(TransactionInterceptor.java:99)
	at org.springframework.aop.framework.ReflectiveMethodInvocation.proceed(ReflectiveMethodInvocation.java:186)
	at org.springframework.aop.framework.CglibAopProxy$CglibMethodInvocation.proceed(CglibAopProxy.java:747)
	at org.springframework.aop.framework.CglibAopProxy$DynamicAdvisedInterceptor.intercept(CglibAopProxy.java:689)
	at com.ibiz.api.service.EstimatePSService$$EnhancerBySpringCGLIB$$1eb51314.selectOfferProfitList(<generated>)
	at com.ibiz.api.controller.EstimateController.selectOfferProfitList(EstimateController.java:44)
	at java.base/jdk.internal.reflect.NativeMethodAccessorImpl.invoke0(Native Method)
	at java.base/jdk.internal.reflect.NativeMethodAccessorImpl.invoke(NativeMethodAccessorImpl.java:62)
	at java.base/jdk.internal.reflect.DelegatingMethodAccessorImpl.invoke(DelegatingMethodAccessorImpl.java:43)
	at java.base/java.lang.reflect.Method.invoke(Method.java:566)
	at org.springframework.web.method.support.InvocableHandlerMethod.doInvoke(InvocableHandlerMethod.java:190)
	at org.springframework.web.method.support.InvocableHandlerMethod.invokeForRequest(InvocableHandlerMethod.java:138)
	at org.springframework.web.servlet.mvc.method.annotation.ServletInvocableHandlerMethod.invokeAndHandle(ServletInvocableHandlerMethod.java:106)
	at org.springframework.web.servlet.mvc.method.annotation.RequestMappingHandlerAdapter.invokeHandlerMethod(RequestMappingHandlerAdapter.java:888)
	at org.springframework.web.servlet.mvc.method.annotation.RequestMappingHandlerAdapter.handleInternal(RequestMappingHandlerAdapter.java:793)
	at org.springframework.web.servlet.mvc.method.AbstractHandlerMethodAdapter.handle(AbstractHandlerMethodAdapter.java:87)
	at org.springframework.web.servlet.DispatcherServlet.doDispatch(DispatcherServlet.java:1040)
	at org.springframework.web.servlet.DispatcherServlet.doService(DispatcherServlet.java:943)
	at org.springframework.web.servlet.FrameworkServlet.processRequest(FrameworkServlet.java:1006)
	at org.springframework.web.servlet.FrameworkServlet.doPost(FrameworkServlet.java:909)
	at javax.servlet.http.HttpServlet.service(HttpServlet.java:660)
	at org.springframework.web.servlet.FrameworkServlet.service(FrameworkServlet.java:883)
	at javax.servlet.http.HttpServlet.service(HttpServlet.java:741)
	at org.apache.catalina.core.ApplicationFilterChain.internalDoFilter(ApplicationFilterChain.java:231)
	at org.apache.catalina.core.ApplicationFilterChain.doFilter(ApplicationFilterChain.java:166)
	at org.apache.tomcat.websocket.server.WsFilter.doFilter(WsFilter.java:53)
	at org.apache.catalina.core.ApplicationFilterChain.internalDoFilter(ApplicationFilterChain.java:193)
	at org.apache.catalina.core.ApplicationFilterChain.doFilter(ApplicationFilterChain.java:166)
	at org.springframework.boot.actuate.metrics.web.servlet.WebMvcMetricsFilter.doFilterInternal(WebMvcMetricsFilter.java:108)
	at org.springframework.web.filter.OncePerRequestFilter.doFilter(OncePerRequestFilter.java:119)
	at org.apache.catalina.core.ApplicationFilterChain.internalDoFilter(ApplicationFilterChain.java:193)
	at org.apache.catalina.core.ApplicationFilterChain.doFilter(ApplicationFilterChain.java:166)
	at org.springframework.web.filter.CharacterEncodingFilter.doFilterInternal(CharacterEncodingFilter.java:201)
	at org.springframework.web.filter.OncePerRequestFilter.doFilter(OncePerRequestFilter.java:119)
	at org.apache.catalina.core.ApplicationFilterChain.internalDoFilter(ApplicationFilterChain.java:193)
	at org.apache.catalina.core.ApplicationFilterChain.doFilter(ApplicationFilterChain.java:166)
	at org.apache.catalina.core.StandardWrapperValve.invoke(StandardWrapperValve.java:202)
	at org.apache.catalina.core.StandardContextValve.invoke(StandardContextValve.java:96)
	at org.apache.catalina.authenticator.AuthenticatorBase.invoke(AuthenticatorBase.java:526)
	at org.apache.catalina.core.StandardHostValve.invoke(StandardHostValve.java:139)
	at org.apache.catalina.valves.ErrorReportValve.invoke(ErrorReportValve.java:92)
	at org.apache.catalina.core.StandardEngineValve.invoke(StandardEngineValve.java:74)
	at org.apache.catalina.connector.CoyoteAdapter.service(CoyoteAdapter.java:343)
	at org.apache.coyote.http11.Http11Processor.service(Http11Processor.java:408)
	at org.apache.coyote.AbstractProcessorLight.process(AbstractProcessorLight.java:66)
	at org.apache.coyote.AbstractProtocol$ConnectionHandler.process(AbstractProtocol.java:861)
	at org.apache.tomcat.util.net.NioEndpoint$SocketProcessor.doRun(NioEndpoint.java:1579)
	at org.apache.tomcat.util.net.SocketProcessorBase.run(SocketProcessorBase.java:49)
	at java.base/java.util.concurrent.ThreadPoolExecutor.runWorker(ThreadPoolExecutor.java:1128)
	at java.base/java.util.concurrent.ThreadPoolExecutor$Worker.run(ThreadPoolExecutor.java:628)
	at org.apache.tomcat.util.threads.TaskThread$WrappingRunnable.run(TaskThread.java:61)
	at java.base/java.lang.Thread.run(Thread.java:834)
[2020-05-06 14:24:57:1001][main] INFO  o.s.c.s.PostProcessorRegistrationDelegate$BeanPostProcessorChecker - Bean 'org.springframework.cloud.autoconfigure.ConfigurationPropertiesRebinderAutoConfiguration' of type [org.springframework.cloud.autoconfigure.ConfigurationPropertiesRebinderAutoConfiguration$$EnhancerBySpringCGLIB$$e0005888] is not eligible for getting processed by all BeanPostProcessors (for example: not eligible for auto-proxying)
[2020-05-06 14:24:57:1268][main] INFO  com.ibiz.api.ApiApplication - No active profile set, falling back to default profiles: default
[2020-05-06 14:24:58:2482][main] INFO  o.s.d.r.c.RepositoryConfigurationDelegate - Multiple Spring Data modules found, entering strict repository configuration mode!
[2020-05-06 14:24:58:2485][main] INFO  o.s.d.r.c.RepositoryConfigurationDelegate - Bootstrapping Spring Data repositories in DEFAULT mode.
[2020-05-06 14:24:58:2609][main] INFO  o.s.d.r.c.RepositoryConfigurationDelegate - Finished Spring Data repository scanning in 106ms. Found 0 repository interfaces.
[2020-05-06 14:24:59:2810][main] WARN  o.s.b.actuate.endpoint.EndpointId - Endpoint ID 'service-registry' contains invalid characters, please migrate to a valid format.
[2020-05-06 14:24:59:3050][main] WARN  o.m.s.mapper.ClassPathMapperScanner - No MyBatis mapper was found in '[com.ibiz.api]' package. Please check your configuration.
[2020-05-06 14:24:59:3122][main] INFO  o.s.c.context.scope.GenericScope - BeanFactory id=b8ee4058-d402-34c0-97c5-f04cf43b0a60
[2020-05-06 14:24:59:3260][main] INFO  o.s.c.s.PostProcessorRegistrationDelegate$BeanPostProcessorChecker - Bean 'org.springframework.ws.config.annotation.DelegatingWsConfiguration' of type [org.springframework.ws.config.annotation.DelegatingWsConfiguration$$EnhancerBySpringCGLIB$$687e1a8a] is not eligible for getting processed by all BeanPostProcessors (for example: not eligible for auto-proxying)
[2020-05-06 14:24:59:3298][main] INFO  o.s.w.s.a.s.AnnotationActionEndpointMapping - Supporting [WS-Addressing August 2004, WS-Addressing 1.0]
[2020-05-06 14:24:59:3321][main] INFO  o.s.c.s.PostProcessorRegistrationDelegate$BeanPostProcessorChecker - Bean 'org.springframework.transaction.annotation.ProxyTransactionManagementConfiguration' of type [org.springframework.transaction.annotation.ProxyTransactionManagementConfiguration] is not eligible for getting processed by all BeanPostProcessors (for example: not eligible for auto-proxying)
[2020-05-06 14:24:59:3398][main] INFO  o.s.c.s.PostProcessorRegistrationDelegate$BeanPostProcessorChecker - Bean 'org.springframework.cloud.autoconfigure.ConfigurationPropertiesRebinderAutoConfiguration' of type [org.springframework.cloud.autoconfigure.ConfigurationPropertiesRebinderAutoConfiguration$$EnhancerBySpringCGLIB$$e0005888] is not eligible for getting processed by all BeanPostProcessors (for example: not eligible for auto-proxying)
[2020-05-06 14:24:59:3644][main] INFO  o.s.b.w.e.tomcat.TomcatWebServer - Tomcat initialized with port(s): 7301 (http)
[2020-05-06 14:25:00:3657][main] INFO  o.a.coyote.http11.Http11NioProtocol - Initializing ProtocolHandler ["http-nio-7301"]
[2020-05-06 14:25:00:3658][main] INFO  o.a.catalina.core.StandardService - Starting service [Tomcat]
[2020-05-06 14:25:00:3658][main] INFO  o.a.catalina.core.StandardEngine - Starting Servlet engine: [Apache Tomcat/9.0.27]
[2020-05-06 14:25:00:3924][main] INFO  o.a.c.c.C.[Tomcat].[localhost].[/] - Initializing Spring embedded WebApplicationContext
[2020-05-06 14:25:00:3925][main] INFO  o.s.web.context.ContextLoader - Root WebApplicationContext: initialization completed in 2643 ms
[2020-05-06 14:25:00:3925][main] INFO  o.s.web.context.ContextLoader - Root WebApplicationContext: initialization completed in 2643 ms
[2020-05-06 14:25:00:4035][main] WARN  c.n.c.s.URLConfigurationSource - No URLs will be polled as dynamic configuration sources.
[2020-05-06 14:25:00:4035][main] INFO  c.n.c.s.URLConfigurationSource - To enable URLs as dynamic configuration sources, define System property archaius.configurationSource.additionalUrls or make config.properties available on classpath.
[2020-05-06 14:25:00:4046][main] INFO  c.n.config.DynamicPropertyFactory - DynamicPropertyFactory is initialized with configuration sources: com.netflix.config.ConcurrentCompositeConfiguration@6750e381
[2020-05-06 14:25:01:5488][main] WARN  c.n.c.s.URLConfigurationSource - No URLs will be polled as dynamic configuration sources.
[2020-05-06 14:25:01:5488][main] INFO  c.n.c.s.URLConfigurationSource - To enable URLs as dynamic configuration sources, define System property archaius.configurationSource.additionalUrls or make config.properties available on classpath.
[2020-05-06 14:25:02:6017][main] WARN  o.s.c.l.c.BlockingLoadBalancerClientAutoConfiguration$BlockingLoadBalancerClientRibbonWarnLogger - You already have RibbonLoadBalancerClient on your classpath. It will be used by default. As Spring Cloud Ribbon is in maintenance mode. We recommend switching to BlockingLoadBalancerClient instead. In order to use it, set the value of `spring.cloud.loadbalancer.ribbon.enabled` to `false` or remove spring-cloud-starter-netflix-ribbon from your project.
[2020-05-06 14:25:02:6066][main] INFO  o.s.b.a.e.web.EndpointLinksResolver - Exposing 18 endpoint(s) beneath base path '/actuator'
[2020-05-06 14:25:02:6146][main] INFO  o.s.c.n.eureka.InstanceInfoFactory - Setting initial instance status as: STARTING
[2020-05-06 14:25:02:6259][main] INFO  c.netflix.discovery.DiscoveryClient - Initializing Eureka in region us-east-1
[2020-05-06 14:25:02:6433][main] INFO  c.n.d.p.DiscoveryJerseyProvider - Using JSON encoding codec LegacyJacksonJson
[2020-05-06 14:25:02:6433][main] INFO  c.n.d.p.DiscoveryJerseyProvider - Using JSON decoding codec LegacyJacksonJson
[2020-05-06 14:25:02:6561][main] INFO  c.n.d.p.DiscoveryJerseyProvider - Using XML encoding codec XStreamXml
[2020-05-06 14:25:02:6562][main] INFO  c.n.d.p.DiscoveryJerseyProvider - Using XML decoding codec XStreamXml
[2020-05-06 14:25:03:6727][main] INFO  c.n.d.s.r.aws.ConfigClusterResolver - Resolving eureka endpoints via configuration
[2020-05-06 14:25:03:6804][main] INFO  c.netflix.discovery.DiscoveryClient - Disable delta property : false
[2020-05-06 14:25:03:6804][main] INFO  c.netflix.discovery.DiscoveryClient - Single vip registry refresh property : null
[2020-05-06 14:25:03:6805][main] INFO  c.netflix.discovery.DiscoveryClient - Force full registry fetch : false
[2020-05-06 14:25:03:6805][main] INFO  c.netflix.discovery.DiscoveryClient - Application is null : false
[2020-05-06 14:25:03:6805][main] INFO  c.netflix.discovery.DiscoveryClient - Registered Applications size is zero : true
[2020-05-06 14:25:03:6805][main] INFO  c.netflix.discovery.DiscoveryClient - Application version is -1: true
[2020-05-06 14:25:03:6805][main] INFO  c.netflix.discovery.DiscoveryClient - Getting all instance registry info from the eureka server
[2020-05-06 14:25:03:6977][main] INFO  c.netflix.discovery.DiscoveryClient - The response status is 200
[2020-05-06 14:25:03:6980][main] INFO  c.netflix.discovery.DiscoveryClient - Starting heartbeat executor: renew interval is: 30
[2020-05-06 14:25:03:6982][main] INFO  c.n.d.InstanceInfoReplicator - InstanceInfoReplicator onDemand update allowed rate per min is 4
[2020-05-06 14:25:03:6986][main] INFO  c.netflix.discovery.DiscoveryClient - Discovery Client initialized at timestamp 1588742703331 with initial instances count: 3
[2020-05-06 14:25:03:6988][main] INFO  o.s.c.n.e.s.EurekaServiceRegistry - Registering application IBIZ-SALES-ACT with eureka with status UP
[2020-05-06 14:25:03:6989][main] INFO  c.netflix.discovery.DiscoveryClient - Saw local status change event StatusChangeEvent [timestamp=1588742703335, current=UP, previous=STARTING]
[2020-05-06 14:25:03:6991][DiscoveryClient-InstanceInfoReplicator-0] INFO  c.netflix.discovery.DiscoveryClient - DiscoveryClient_IBIZ-SALES-ACT/sales-act-7301: registering service...
[2020-05-06 14:25:03:7004][main] INFO  o.a.coyote.http11.Http11NioProtocol - Starting ProtocolHandler ["http-nio-7301"]
[2020-05-06 14:25:03:7025][DiscoveryClient-InstanceInfoReplicator-0] INFO  c.netflix.discovery.DiscoveryClient - DiscoveryClient_IBIZ-SALES-ACT/sales-act-7301 - registration status: 204
[2020-05-06 14:25:03:7030][main] INFO  o.s.b.w.e.tomcat.TomcatWebServer - Tomcat started on port(s): 7301 (http) with context path ''
[2020-05-06 14:25:03:7030][main] INFO  o.s.c.n.e.s.EurekaAutoServiceRegistration - Updating port to 7301
[2020-05-06 14:25:03:7113][main] INFO  com.ibiz.api.ApiApplication - Started ApiApplication in 6.969 seconds (JVM running for 7.834)
[2020-05-06 14:25:03:7348][RMI TCP Connection(5)-192.168.19.17] INFO  com.zaxxer.hikari.HikariDataSource - HikariPool-1 - Starting...
[2020-05-06 14:25:03:7442][RMI TCP Connection(7)-192.168.19.17] INFO  o.a.c.c.C.[Tomcat].[localhost].[/] - Initializing Spring DispatcherServlet 'dispatcherServlet'
[2020-05-06 14:25:03:7442][RMI TCP Connection(7)-192.168.19.17] INFO  o.s.web.servlet.DispatcherServlet - Initializing Servlet 'dispatcherServlet'
[2020-05-06 14:25:03:7442][RMI TCP Connection(7)-192.168.19.17] INFO  o.s.web.servlet.DispatcherServlet - Initializing Servlet 'dispatcherServlet'
[2020-05-06 14:25:03:7449][RMI TCP Connection(7)-192.168.19.17] INFO  o.s.web.servlet.DispatcherServlet - Completed initialization in 7 ms
[2020-05-06 14:25:03:7449][RMI TCP Connection(7)-192.168.19.17] INFO  o.s.web.servlet.DispatcherServlet - Completed initialization in 7 ms
[2020-05-06 14:25:03:7557][RMI TCP Connection(5)-192.168.19.17] INFO  com.zaxxer.hikari.HikariDataSource - HikariPool-1 - Start completed.
[2020-05-06 14:25:04:7914][boundedElastic-1] INFO  io.lettuce.core.EpollProvider - Starting without optional epoll library
[2020-05-06 14:25:04:7916][boundedElastic-1] INFO  io.lettuce.core.KqueueProvider - Starting without optional kqueue library
[2020-05-06 14:25:09:13081][http-nio-7301-exec-1] INFO  c.i.a.c.ProjectBizOpptyController - Call Controller : com.ibiz.api.controller.ProjectBizOpptyController.selectBizChanceList
[2020-05-06 14:25:09:13107][http-nio-7301-exec-1] INFO  c.i.a.s.ProjectBizOpptyService - Call Service : com.ibiz.api.service.BizChanceService.selectBizChanceList
[2020-05-06 14:25:10:14127][http-nio-7301-exec-2] INFO  c.i.a.controller.EstimateController - Call Controller : com.ibiz.api.controller.EstimateController.selectOfferProfitList
[2020-05-06 14:25:10:14134][http-nio-7301-exec-2] INFO  c.i.api.service.EstimatePSService - Call Service : com.ibiz.api.service.EstimatePSService.selectOfferProfitList
[2020-05-06 14:25:15:19011][http-nio-7301-exec-3] INFO  c.i.a.controller.EstimateController - Call Controller : com.ibiz.api.controller.EstimateController.selectOfferProfitList
[2020-05-06 14:25:15:19014][http-nio-7301-exec-3] INFO  c.i.api.service.EstimatePSService - Call Service : com.ibiz.api.service.EstimatePSService.selectOfferProfitList
